The target system is: Linux -  - arm
The host system is: Linux - 5.15.0-139-generic - x86_64
Compiling the C compiler identification source file "CMakeCCompilerId.c" succeeded.
Compiler: /home/feng/xiaozhi/work/download/toolchain-sunxi-glibc-gcc-830/toolchain/bin/arm-openwrt-linux-gcc 
Build flags: 
Id flags:  

The output was:
0


Compilation of the C compiler identification source "CMakeCCompilerId.c" produced "a.out"

The C compiler identification is GNU, found in "/home/feng/xiaozhi/work/app4/build/CMakeFiles/3.15.3/CompilerIdC/a.out"

Compiling the CXX compiler identification source file "CMakeCXXCompilerId.cpp" succeeded.
Compiler: /home/feng/xiaozhi/work/download/toolchain-sunxi-glibc-gcc-830/toolchain/bin/arm-openwrt-linux-c++ 
Build flags: 
Id flags:  

The output was:
0


Compilation of the CXX compiler identification source "CMakeCXXCompilerId.cpp" produced "a.out"

The CXX compiler identification is GNU, found in "/home/feng/xiaozhi/work/app4/build/CMakeFiles/3.15.3/CompilerIdCXX/a.out"

Determining if the C compiler works passed with the following output:
Change Dir: /home/feng/xiaozhi/work/app4/build/CMakeFiles/CMakeTmp

Run Build Command(s):/usr/bin/make cmTC_84257/fast && /usr/bin/make -f CMakeFiles/cmTC_84257.dir/build.make CMakeFiles/cmTC_84257.dir/build
make[1]: 进入目录“/home/feng/xiaozhi/work/app4/build/CMakeFiles/CMakeTmp”
Building C object CMakeFiles/cmTC_84257.dir/testCCompiler.c.o
/home/feng/xiaozhi/work/download/toolchain-sunxi-glibc-gcc-830/toolchain/bin/arm-openwrt-linux-gcc    -o CMakeFiles/cmTC_84257.dir/testCCompiler.c.o   -c /home/feng/xiaozhi/work/app4/build/CMakeFiles/CMakeTmp/testCCompiler.c
Linking C executable cmTC_84257
/home/feng/xiaozhi/work/download/cmake-3.15.3-Linux-x86_64/bin/cmake -E cmake_link_script CMakeFiles/cmTC_84257.dir/link.txt --verbose=1
/home/feng/xiaozhi/work/download/toolchain-sunxi-glibc-gcc-830/toolchain/bin/arm-openwrt-linux-gcc      CMakeFiles/cmTC_84257.dir/testCCompiler.c.o  -o cmTC_84257 
make[1]: 离开目录“/home/feng/xiaozhi/work/app4/build/CMakeFiles/CMakeTmp”



Detecting C compiler ABI info compiled with the following output:
Change Dir: /home/feng/xiaozhi/work/app4/build/CMakeFiles/CMakeTmp

Run Build Command(s):/usr/bin/make cmTC_30b42/fast && /usr/bin/make -f CMakeFiles/cmTC_30b42.dir/build.make CMakeFiles/cmTC_30b42.dir/build
make[1]: Entering directory '/home/feng/xiaozhi/work/app4/build/CMakeFiles/CMakeTmp'
Building C object CMakeFiles/cmTC_30b42.dir/CMakeCCompilerABI.c.o
/home/feng/xiaozhi/work/download/toolchain-sunxi-glibc-gcc-830/toolchain/bin/arm-openwrt-linux-gcc   -v -o CMakeFiles/cmTC_30b42.dir/CMakeCCompilerABI.c.o   -c /home/feng/xiaozhi/work/download/cmake-3.15.3-Linux-x86_64/share/cmake-3.15/Modules/CMakeCCompilerABI.c
Reading specs from /home/feng/xiaozhi/work/download/toolchain-sunxi-glibc-gcc-830/toolchain/bin/../lib/gcc/arm-openwrt-linux-gnueabi/8.3.0/specs
COLLECT_GCC=arm-openwrt-linux-gnueabi-gcc.bin
Target: arm-openwrt-linux-gnueabi
Configured with: /home/xuqiang/workspace/tina-r528/out/v853-perf1/compile_dir/toolchain/gcc-8.3.0/configure --with-bugurl=https://dev.openwrt.org/ --with-pkgversion='OpenWrt/CodeSourcery GCC 8.3.0 2021.08' --prefix=/home/xuqiang/workspace/tina-r528/out/v853-perf1/staging_dir/toolchain --build=x86_64-linux-gnu --host=x86_64-linux-gnu --target=arm-openwrt-linux-gnueabi --with-gnu-ld --enable-target-optspace --enable-libgomp --disable-libmudflap --disable-multilib --disable-nls --without-isl --without-cloog --with-host-libstdcxx=-lstdc++ --with-gmp=/home/xuqiang/workspace/tina-r528/out/host --with-mpfr=/home/xuqiang/workspace/tina-r528/out/host --with-mpc=/home/xuqiang/workspace/tina-r528/out/host --disable-decimal-float --with-diagnostics-color=auto-if-env --enable-libssp --enable-__cxa_atexit --with-cpu=cortex-a7 --with-fpu=neon --with-float=hard --with-headers=/home/xuqiang/workspace/tina-r528/out/v853-perf1/staging_dir/toolchain/include --enable-libsanitizer --enable-languages=c,c++,fortran --enable-shared --enable-threads --with-slibdir=/home/xuqiang/workspace/tina-r528/out/v853-perf1/staging_dir/toolchain/lib --enable-lto --with-libelf=/home/xuqiang/workspace/tina-r528/out/host
Thread model: posix
gcc version 8.3.0 (OpenWrt/CodeSourcery GCC 8.3.0 2021.08) 
COLLECT_GCC_OPTIONS='-v' '-o' 'CMakeFiles/cmTC_30b42.dir/CMakeCCompilerABI.c.o' '-c' '-mcpu=cortex-a7' '-mfloat-abi=hard' '-mfpu=neon' '-mtls-dialect=gnu' '-marm' '-march=armv7ve+neon'
 /home/feng/xiaozhi/work/download/toolchain-sunxi-glibc-gcc-830/toolchain/bin/../libexec/gcc/arm-openwrt-linux-gnueabi/8.3.0/cc1 -quiet -v -iprefix /home/feng/xiaozhi/work/download/toolchain-sunxi-glibc-gcc-830/toolchain/bin/../lib/gcc/arm-openwrt-linux-gnueabi/8.3.0/ -idirafter /home/feng/xiaozhi/work/download/toolchain-sunxi-glibc-gcc-830/toolchain/bin:/home/feng/xiaozhi/work/download/toolchain-sunxi-glibc-gcc-830/toolchain/bin:/usr/include /home/feng/xiaozhi/work/download/cmake-3.15.3-Linux-x86_64/share/cmake-3.15/Modules/CMakeCCompilerABI.c -quiet -dumpbase CMakeCCompilerABI.c -mcpu=cortex-a7 -mfloat-abi=hard -mfpu=neon -mtls-dialect=gnu -marm -march=armv7ve+neon -auxbase-strip CMakeFiles/cmTC_30b42.dir/CMakeCCompilerABI.c.o -version -o /tmp/ccC4FlSc.s
GNU C17 (OpenWrt/CodeSourcery GCC 8.3.0 2021.08) version 8.3.0 (arm-openwrt-linux-gnueabi)
	compiled by GNU C version 4.8.4, GMP version 6.1.0, MPFR version 3.1.3, MPC version 1.0.3, isl version none
GGC heuristics: --param ggc-min-expand=100 --param ggc-min-heapsize=131072
ignoring duplicate directory "/home/feng/xiaozhi/work/download/toolchain-sunxi-glibc-gcc-830/toolchain/bin/../lib/gcc/../../lib/gcc/arm-openwrt-linux-gnueabi/8.3.0/include"
ignoring duplicate directory "/home/feng/xiaozhi/work/download/toolchain-sunxi-glibc-gcc-830/toolchain/bin/../lib/gcc/../../lib/gcc/arm-openwrt-linux-gnueabi/8.3.0/include-fixed"
ignoring duplicate directory "/home/feng/xiaozhi/work/download/toolchain-sunxi-glibc-gcc-830/toolchain/bin/../lib/gcc/../../lib/gcc/arm-openwrt-linux-gnueabi/8.3.0/../../../../arm-openwrt-linux-gnueabi/sys-include"
ignoring duplicate directory "/home/feng/xiaozhi/work/download/toolchain-sunxi-glibc-gcc-830/toolchain/bin/../lib/gcc/../../lib/gcc/arm-openwrt-linux-gnueabi/8.3.0/../../../../arm-openwrt-linux-gnueabi/include"
ignoring nonexistent directory "/home/feng/xiaozhi/work/download/toolchain-sunxi-glibc-gcc-830/toolchain/bin:/home/feng/xiaozhi/work/download/toolchain-sunxi-glibc-gcc-830/toolchain/bin:/usr/include"
#include "..." search starts here:
#include <...> search starts here:
 /home/feng/xiaozhi/work/download/toolchain-sunxi-glibc-gcc-830/toolchain/bin/../lib/gcc/arm-openwrt-linux-gnueabi/8.3.0/include
 /home/feng/xiaozhi/work/download/toolchain-sunxi-glibc-gcc-830/toolchain/bin/../lib/gcc/arm-openwrt-linux-gnueabi/8.3.0/include-fixed
 /home/feng/xiaozhi/work/download/toolchain-sunxi-glibc-gcc-830/toolchain/bin/../lib/gcc/arm-openwrt-linux-gnueabi/8.3.0/../../../../arm-openwrt-linux-gnueabi/sys-include
 /home/feng/xiaozhi/work/download/toolchain-sunxi-glibc-gcc-830/toolchain/bin/../lib/gcc/arm-openwrt-linux-gnueabi/8.3.0/../../../../arm-openwrt-linux-gnueabi/include
End of search list.
GNU C17 (OpenWrt/CodeSourcery GCC 8.3.0 2021.08) version 8.3.0 (arm-openwrt-linux-gnueabi)
	compiled by GNU C version 4.8.4, GMP version 6.1.0, MPFR version 3.1.3, MPC version 1.0.3, isl version none
GGC heuristics: --param ggc-min-expand=100 --param ggc-min-heapsize=131072
Compiler executable checksum: a3b0939f9eecabf6dbe8df2649638084
COLLECT_GCC_OPTIONS='-v' '-o' 'CMakeFiles/cmTC_30b42.dir/CMakeCCompilerABI.c.o' '-c' '-mcpu=cortex-a7' '-mfloat-abi=hard' '-mfpu=neon' '-mtls-dialect=gnu' '-marm' '-march=armv7ve+neon'
 /home/feng/xiaozhi/work/download/toolchain-sunxi-glibc-gcc-830/toolchain/bin/../lib/gcc/arm-openwrt-linux-gnueabi/8.3.0/../../../../arm-openwrt-linux-gnueabi/bin/as -v -march=armv7ve -mfloat-abi=hard -mfpu=neon -meabi=5 -o CMakeFiles/cmTC_30b42.dir/CMakeCCompilerABI.c.o /tmp/ccC4FlSc.s
GNU assembler version 2.28 (arm-openwrt-linux-gnueabi) using BFD version (GNU Binutils) 2.28
COMPILER_PATH=/home/feng/xiaozhi/work/download/toolchain-sunxi-glibc-gcc-830/toolchain/bin/../libexec/gcc/arm-openwrt-linux-gnueabi/8.3.0/:/home/feng/xiaozhi/work/download/toolchain-sunxi-glibc-gcc-830/toolchain/bin/../libexec/gcc/:/home/feng/xiaozhi/work/download/toolchain-sunxi-glibc-gcc-830/toolchain/bin/../lib/gcc/arm-openwrt-linux-gnueabi/8.3.0/../../../../arm-openwrt-linux-gnueabi/bin/
LIBRARY_PATH=/home/feng/xiaozhi/work/download/toolchain-sunxi-glibc-gcc-830/toolchain/bin/../lib/gcc/arm-openwrt-linux-gnueabi/8.3.0/:/home/feng/xiaozhi/work/download/toolchain-sunxi-glibc-gcc-830/toolchain/bin/../lib/gcc/:/home/feng/xiaozhi/work/download/toolchain-sunxi-glibc-gcc-830/toolchain/bin/../lib/gcc/arm-openwrt-linux-gnueabi/8.3.0/../../../../arm-openwrt-linux-gnueabi/lib/
COLLECT_GCC_OPTIONS='-v' '-o' 'CMakeFiles/cmTC_30b42.dir/CMakeCCompilerABI.c.o' '-c' '-mcpu=cortex-a7' '-mfloat-abi=hard' '-mfpu=neon' '-mtls-dialect=gnu' '-marm' '-march=armv7ve+neon'
Linking C executable cmTC_30b42
/home/feng/xiaozhi/work/download/cmake-3.15.3-Linux-x86_64/bin/cmake -E cmake_link_script CMakeFiles/cmTC_30b42.dir/link.txt --verbose=1
/home/feng/xiaozhi/work/download/toolchain-sunxi-glibc-gcc-830/toolchain/bin/arm-openwrt-linux-gcc     -v CMakeFiles/cmTC_30b42.dir/CMakeCCompilerABI.c.o  -o cmTC_30b42 
Reading specs from /home/feng/xiaozhi/work/download/toolchain-sunxi-glibc-gcc-830/toolchain/bin/../lib/gcc/arm-openwrt-linux-gnueabi/8.3.0/specs
COLLECT_GCC=arm-openwrt-linux-gnueabi-gcc.bin
COLLECT_LTO_WRAPPER=/home/feng/xiaozhi/work/download/toolchain-sunxi-glibc-gcc-830/toolchain/bin/../libexec/gcc/arm-openwrt-linux-gnueabi/8.3.0/lto-wrapper
Target: arm-openwrt-linux-gnueabi
Configured with: /home/xuqiang/workspace/tina-r528/out/v853-perf1/compile_dir/toolchain/gcc-8.3.0/configure --with-bugurl=https://dev.openwrt.org/ --with-pkgversion='OpenWrt/CodeSourcery GCC 8.3.0 2021.08' --prefix=/home/xuqiang/workspace/tina-r528/out/v853-perf1/staging_dir/toolchain --build=x86_64-linux-gnu --host=x86_64-linux-gnu --target=arm-openwrt-linux-gnueabi --with-gnu-ld --enable-target-optspace --enable-libgomp --disable-libmudflap --disable-multilib --disable-nls --without-isl --without-cloog --with-host-libstdcxx=-lstdc++ --with-gmp=/home/xuqiang/workspace/tina-r528/out/host --with-mpfr=/home/xuqiang/workspace/tina-r528/out/host --with-mpc=/home/xuqiang/workspace/tina-r528/out/host --disable-decimal-float --with-diagnostics-color=auto-if-env --enable-libssp --enable-__cxa_atexit --with-cpu=cortex-a7 --with-fpu=neon --with-float=hard --with-headers=/home/xuqiang/workspace/tina-r528/out/v853-perf1/staging_dir/toolchain/include --enable-libsanitizer --enable-languages=c,c++,fortran --enable-shared --enable-threads --with-slibdir=/home/xuqiang/workspace/tina-r528/out/v853-perf1/staging_dir/toolchain/lib --enable-lto --with-libelf=/home/xuqiang/workspace/tina-r528/out/host
Thread model: posix
gcc version 8.3.0 (OpenWrt/CodeSourcery GCC 8.3.0 2021.08) 
COMPILER_PATH=/home/feng/xiaozhi/work/download/toolchain-sunxi-glibc-gcc-830/toolchain/bin/../libexec/gcc/arm-openwrt-linux-gnueabi/8.3.0/:/home/feng/xiaozhi/work/download/toolchain-sunxi-glibc-gcc-830/toolchain/bin/../libexec/gcc/:/home/feng/xiaozhi/work/download/toolchain-sunxi-glibc-gcc-830/toolchain/bin/../lib/gcc/arm-openwrt-linux-gnueabi/8.3.0/../../../../arm-openwrt-linux-gnueabi/bin/
LIBRARY_PATH=/home/feng/xiaozhi/work/download/toolchain-sunxi-glibc-gcc-830/toolchain/bin/../lib/gcc/arm-openwrt-linux-gnueabi/8.3.0/:/home/feng/xiaozhi/work/download/toolchain-sunxi-glibc-gcc-830/toolchain/bin/../lib/gcc/:/home/feng/xiaozhi/work/download/toolchain-sunxi-glibc-gcc-830/toolchain/bin/../lib/gcc/arm-openwrt-linux-gnueabi/8.3.0/../../../../arm-openwrt-linux-gnueabi/lib/
COLLECT_GCC_OPTIONS='-v' '-o' 'cmTC_30b42' '-mcpu=cortex-a7' '-mfloat-abi=hard' '-mfpu=neon' '-mtls-dialect=gnu' '-marm' '-march=armv7ve+neon'
 /home/feng/xiaozhi/work/download/toolchain-sunxi-glibc-gcc-830/toolchain/bin/../libexec/gcc/arm-openwrt-linux-gnueabi/8.3.0/collect2 -plugin /home/feng/xiaozhi/work/download/toolchain-sunxi-glibc-gcc-830/toolchain/bin/../libexec/gcc/arm-openwrt-linux-gnueabi/8.3.0/liblto_plugin.so -plugin-opt=/home/feng/xiaozhi/work/download/toolchain-sunxi-glibc-gcc-830/toolchain/bin/../libexec/gcc/arm-openwrt-linux-gnueabi/8.3.0/lto-wrapper -plugin-opt=-fresolution=/tmp/ccErVjvU.res -plugin-opt=-pass-through=-lgcc -plugin-opt=-pass-through=-lgcc_s -plugin-opt=-pass-through=-lc -plugin-opt=-pass-through=-lgcc -plugin-opt=-pass-through=-lgcc_s --eh-frame-hdr -dynamic-linker /lib/ld-linux-armhf.so.3 -X -m armelf_linux_eabi -o cmTC_30b42 /home/feng/xiaozhi/work/download/toolchain-sunxi-glibc-gcc-830/toolchain/bin/../lib/gcc/arm-openwrt-linux-gnueabi/8.3.0/../../../../arm-openwrt-linux-gnueabi/lib/crt1.o /home/feng/xiaozhi/work/download/toolchain-sunxi-glibc-gcc-830/toolchain/bin/../lib/gcc/arm-openwrt-linux-gnueabi/8.3.0/../../../../arm-openwrt-linux-gnueabi/lib/crti.o /home/feng/xiaozhi/work/download/toolchain-sunxi-glibc-gcc-830/toolchain/bin/../lib/gcc/arm-openwrt-linux-gnueabi/8.3.0/crtbegin.o -L /home/feng/xiaozhi/work/download/toolchain-sunxi-glibc-gcc-830/toolchain/bin:/home/feng/xiaozhi/work/download/toolchain-sunxi-glibc-gcc-830/toolchain/bin:/usr/lib -rpath-link /home/feng/xiaozhi/work/download/toolchain-sunxi-glibc-gcc-830/toolchain/bin:/home/feng/xiaozhi/work/download/toolchain-sunxi-glibc-gcc-830/toolchain/bin:/usr/lib -L/home/feng/xiaozhi/work/download/toolchain-sunxi-glibc-gcc-830/toolchain/bin/../lib/gcc/arm-openwrt-linux-gnueabi/8.3.0 -L/home/feng/xiaozhi/work/download/toolchain-sunxi-glibc-gcc-830/toolchain/bin/../lib/gcc -L/home/feng/xiaozhi/work/download/toolchain-sunxi-glibc-gcc-830/toolchain/bin/../lib/gcc/arm-openwrt-linux-gnueabi/8.3.0/../../../../arm-openwrt-linux-gnueabi/lib CMakeFiles/cmTC_30b42.dir/CMakeCCompilerABI.c.o -lgcc --as-needed -lgcc_s --no-as-needed -lc -lgcc --as-needed -lgcc_s --no-as-needed /home/feng/xiaozhi/work/download/toolchain-sunxi-glibc-gcc-830/toolchain/bin/../lib/gcc/arm-openwrt-linux-gnueabi/8.3.0/crtend.o /home/feng/xiaozhi/work/download/toolchain-sunxi-glibc-gcc-830/toolchain/bin/../lib/gcc/arm-openwrt-linux-gnueabi/8.3.0/../../../../arm-openwrt-linux-gnueabi/lib/crtn.o
COLLECT_GCC_OPTIONS='-v' '-o' 'cmTC_30b42' '-mcpu=cortex-a7' '-mfloat-abi=hard' '-mfpu=neon' '-mtls-dialect=gnu' '-marm' '-march=armv7ve+neon'
make[1]: Leaving directory '/home/feng/xiaozhi/work/app4/build/CMakeFiles/CMakeTmp'



Parsed C implicit include dir info from above output: rv=done
  found start of include info
  found start of implicit include info
    add: [/home/feng/xiaozhi/work/download/toolchain-sunxi-glibc-gcc-830/toolchain/bin/../lib/gcc/arm-openwrt-linux-gnueabi/8.3.0/include]
    add: [/home/feng/xiaozhi/work/download/toolchain-sunxi-glibc-gcc-830/toolchain/bin/../lib/gcc/arm-openwrt-linux-gnueabi/8.3.0/include-fixed]
    add: [/home/feng/xiaozhi/work/download/toolchain-sunxi-glibc-gcc-830/toolchain/bin/../lib/gcc/arm-openwrt-linux-gnueabi/8.3.0/../../../../arm-openwrt-linux-gnueabi/sys-include]
    add: [/home/feng/xiaozhi/work/download/toolchain-sunxi-glibc-gcc-830/toolchain/bin/../lib/gcc/arm-openwrt-linux-gnueabi/8.3.0/../../../../arm-openwrt-linux-gnueabi/include]
  end of search list found
  collapse include dir [/home/feng/xiaozhi/work/download/toolchain-sunxi-glibc-gcc-830/toolchain/bin/../lib/gcc/arm-openwrt-linux-gnueabi/8.3.0/include] ==> [/home/feng/xiaozhi/work/download/toolchain-sunxi-glibc-gcc-830/toolchain/lib/gcc/arm-openwrt-linux-gnueabi/8.3.0/include]
  collapse include dir [/home/feng/xiaozhi/work/download/toolchain-sunxi-glibc-gcc-830/toolchain/bin/../lib/gcc/arm-openwrt-linux-gnueabi/8.3.0/include-fixed] ==> [/home/feng/xiaozhi/work/download/toolchain-sunxi-glibc-gcc-830/toolchain/lib/gcc/arm-openwrt-linux-gnueabi/8.3.0/include-fixed]
  collapse include dir [/home/feng/xiaozhi/work/download/toolchain-sunxi-glibc-gcc-830/toolchain/bin/../lib/gcc/arm-openwrt-linux-gnueabi/8.3.0/../../../../arm-openwrt-linux-gnueabi/sys-include] ==> [/home/feng/xiaozhi/work/download/toolchain-sunxi-glibc-gcc-830/toolchain/arm-openwrt-linux-gnueabi/sys-include]
  collapse include dir [/home/feng/xiaozhi/work/download/toolchain-sunxi-glibc-gcc-830/toolchain/bin/../lib/gcc/arm-openwrt-linux-gnueabi/8.3.0/../../../../arm-openwrt-linux-gnueabi/include] ==> [/home/feng/xiaozhi/work/download/toolchain-sunxi-glibc-gcc-830/toolchain/arm-openwrt-linux-gnueabi/include]
  implicit include dirs: [/home/feng/xiaozhi/work/download/toolchain-sunxi-glibc-gcc-830/toolchain/lib/gcc/arm-openwrt-linux-gnueabi/8.3.0/include;/home/feng/xiaozhi/work/download/toolchain-sunxi-glibc-gcc-830/toolchain/lib/gcc/arm-openwrt-linux-gnueabi/8.3.0/include-fixed;/home/feng/xiaozhi/work/download/toolchain-sunxi-glibc-gcc-830/toolchain/arm-openwrt-linux-gnueabi/sys-include;/home/feng/xiaozhi/work/download/toolchain-sunxi-glibc-gcc-830/toolchain/arm-openwrt-linux-gnueabi/include]


Parsed C implicit link information from above output:
  link line regex: [^( *|.*[/\])(arm-openwrt-linux-ld|CMAKE_LINK_STARTFILE-NOTFOUND|([^/\]+-)?ld|collect2)[^/\]*( |$)]
  ignore line: [Change Dir: /home/feng/xiaozhi/work/app4/build/CMakeFiles/CMakeTmp]
  ignore line: []
  ignore line: [Run Build Command(s):/usr/bin/make cmTC_30b42/fast && /usr/bin/make -f CMakeFiles/cmTC_30b42.dir/build.make CMakeFiles/cmTC_30b42.dir/build]
  ignore line: [make[1]: Entering directory '/home/feng/xiaozhi/work/app4/build/CMakeFiles/CMakeTmp']
  ignore line: [Building C object CMakeFiles/cmTC_30b42.dir/CMakeCCompilerABI.c.o]
  ignore line: [/home/feng/xiaozhi/work/download/toolchain-sunxi-glibc-gcc-830/toolchain/bin/arm-openwrt-linux-gcc   -v -o CMakeFiles/cmTC_30b42.dir/CMakeCCompilerABI.c.o   -c /home/feng/xiaozhi/work/download/cmake-3.15.3-Linux-x86_64/share/cmake-3.15/Modules/CMakeCCompilerABI.c]
  ignore line: [Reading specs from /home/feng/xiaozhi/work/download/toolchain-sunxi-glibc-gcc-830/toolchain/bin/../lib/gcc/arm-openwrt-linux-gnueabi/8.3.0/specs]
  ignore line: [COLLECT_GCC=arm-openwrt-linux-gnueabi-gcc.bin]
  ignore line: [Target: arm-openwrt-linux-gnueabi]
  ignore line: [Configured with: /home/xuqiang/workspace/tina-r528/out/v853-perf1/compile_dir/toolchain/gcc-8.3.0/configure --with-bugurl=https://dev.openwrt.org/ --with-pkgversion='OpenWrt/CodeSourcery GCC 8.3.0 2021.08' --prefix=/home/xuqiang/workspace/tina-r528/out/v853-perf1/staging_dir/toolchain --build=x86_64-linux-gnu --host=x86_64-linux-gnu --target=arm-openwrt-linux-gnueabi --with-gnu-ld --enable-target-optspace --enable-libgomp --disable-libmudflap --disable-multilib --disable-nls --without-isl --without-cloog --with-host-libstdcxx=-lstdc++ --with-gmp=/home/xuqiang/workspace/tina-r528/out/host --with-mpfr=/home/xuqiang/workspace/tina-r528/out/host --with-mpc=/home/xuqiang/workspace/tina-r528/out/host --disable-decimal-float --with-diagnostics-color=auto-if-env --enable-libssp --enable-__cxa_atexit --with-cpu=cortex-a7 --with-fpu=neon --with-float=hard --with-headers=/home/xuqiang/workspace/tina-r528/out/v853-perf1/staging_dir/toolchain/include --enable-libsanitizer --enable-languages=c,c++,fortran --enable-shared --enable-threads --with-slibdir=/home/xuqiang/workspace/tina-r528/out/v853-perf1/staging_dir/toolchain/lib --enable-lto --with-libelf=/home/xuqiang/workspace/tina-r528/out/host]
  ignore line: [Thread model: posix]
  ignore line: [gcc version 8.3.0 (OpenWrt/CodeSourcery GCC 8.3.0 2021.08) ]
  ignore line: [COLLECT_GCC_OPTIONS='-v' '-o' 'CMakeFiles/cmTC_30b42.dir/CMakeCCompilerABI.c.o' '-c' '-mcpu=cortex-a7' '-mfloat-abi=hard' '-mfpu=neon' '-mtls-dialect=gnu' '-marm' '-march=armv7ve+neon']
  ignore line: [ /home/feng/xiaozhi/work/download/toolchain-sunxi-glibc-gcc-830/toolchain/bin/../libexec/gcc/arm-openwrt-linux-gnueabi/8.3.0/cc1 -quiet -v -iprefix /home/feng/xiaozhi/work/download/toolchain-sunxi-glibc-gcc-830/toolchain/bin/../lib/gcc/arm-openwrt-linux-gnueabi/8.3.0/ -idirafter /home/feng/xiaozhi/work/download/toolchain-sunxi-glibc-gcc-830/toolchain/bin:/home/feng/xiaozhi/work/download/toolchain-sunxi-glibc-gcc-830/toolchain/bin:/usr/include /home/feng/xiaozhi/work/download/cmake-3.15.3-Linux-x86_64/share/cmake-3.15/Modules/CMakeCCompilerABI.c -quiet -dumpbase CMakeCCompilerABI.c -mcpu=cortex-a7 -mfloat-abi=hard -mfpu=neon -mtls-dialect=gnu -marm -march=armv7ve+neon -auxbase-strip CMakeFiles/cmTC_30b42.dir/CMakeCCompilerABI.c.o -version -o /tmp/ccC4FlSc.s]
  ignore line: [GNU C17 (OpenWrt/CodeSourcery GCC 8.3.0 2021.08) version 8.3.0 (arm-openwrt-linux-gnueabi)]
  ignore line: [	compiled by GNU C version 4.8.4, GMP version 6.1.0, MPFR version 3.1.3, MPC version 1.0.3, isl version none]
  ignore line: [GGC heuristics: --param ggc-min-expand=100 --param ggc-min-heapsize=131072]
  ignore line: [ignoring duplicate directory "/home/feng/xiaozhi/work/download/toolchain-sunxi-glibc-gcc-830/toolchain/bin/../lib/gcc/../../lib/gcc/arm-openwrt-linux-gnueabi/8.3.0/include"]
  ignore line: [ignoring duplicate directory "/home/feng/xiaozhi/work/download/toolchain-sunxi-glibc-gcc-830/toolchain/bin/../lib/gcc/../../lib/gcc/arm-openwrt-linux-gnueabi/8.3.0/include-fixed"]
  ignore line: [ignoring duplicate directory "/home/feng/xiaozhi/work/download/toolchain-sunxi-glibc-gcc-830/toolchain/bin/../lib/gcc/../../lib/gcc/arm-openwrt-linux-gnueabi/8.3.0/../../../../arm-openwrt-linux-gnueabi/sys-include"]
  ignore line: [ignoring duplicate directory "/home/feng/xiaozhi/work/download/toolchain-sunxi-glibc-gcc-830/toolchain/bin/../lib/gcc/../../lib/gcc/arm-openwrt-linux-gnueabi/8.3.0/../../../../arm-openwrt-linux-gnueabi/include"]
  ignore line: [ignoring nonexistent directory "/home/feng/xiaozhi/work/download/toolchain-sunxi-glibc-gcc-830/toolchain/bin:/home/feng/xiaozhi/work/download/toolchain-sunxi-glibc-gcc-830/toolchain/bin:/usr/include"]
  ignore line: [#include "..." search starts here:]
  ignore line: [#include <...> search starts here:]
  ignore line: [ /home/feng/xiaozhi/work/download/toolchain-sunxi-glibc-gcc-830/toolchain/bin/../lib/gcc/arm-openwrt-linux-gnueabi/8.3.0/include]
  ignore line: [ /home/feng/xiaozhi/work/download/toolchain-sunxi-glibc-gcc-830/toolchain/bin/../lib/gcc/arm-openwrt-linux-gnueabi/8.3.0/include-fixed]
  ignore line: [ /home/feng/xiaozhi/work/download/toolchain-sunxi-glibc-gcc-830/toolchain/bin/../lib/gcc/arm-openwrt-linux-gnueabi/8.3.0/../../../../arm-openwrt-linux-gnueabi/sys-include]
  ignore line: [ /home/feng/xiaozhi/work/download/toolchain-sunxi-glibc-gcc-830/toolchain/bin/../lib/gcc/arm-openwrt-linux-gnueabi/8.3.0/../../../../arm-openwrt-linux-gnueabi/include]
  ignore line: [End of search list.]
  ignore line: [GNU C17 (OpenWrt/CodeSourcery GCC 8.3.0 2021.08) version 8.3.0 (arm-openwrt-linux-gnueabi)]
  ignore line: [	compiled by GNU C version 4.8.4, GMP version 6.1.0, MPFR version 3.1.3, MPC version 1.0.3, isl version none]
  ignore line: [GGC heuristics: --param ggc-min-expand=100 --param ggc-min-heapsize=131072]
  ignore line: [Compiler executable checksum: a3b0939f9eecabf6dbe8df2649638084]
  ignore line: [COLLECT_GCC_OPTIONS='-v' '-o' 'CMakeFiles/cmTC_30b42.dir/CMakeCCompilerABI.c.o' '-c' '-mcpu=cortex-a7' '-mfloat-abi=hard' '-mfpu=neon' '-mtls-dialect=gnu' '-marm' '-march=armv7ve+neon']
  ignore line: [ /home/feng/xiaozhi/work/download/toolchain-sunxi-glibc-gcc-830/toolchain/bin/../lib/gcc/arm-openwrt-linux-gnueabi/8.3.0/../../../../arm-openwrt-linux-gnueabi/bin/as -v -march=armv7ve -mfloat-abi=hard -mfpu=neon -meabi=5 -o CMakeFiles/cmTC_30b42.dir/CMakeCCompilerABI.c.o /tmp/ccC4FlSc.s]
  ignore line: [GNU assembler version 2.28 (arm-openwrt-linux-gnueabi) using BFD version (GNU Binutils) 2.28]
  ignore line: [COMPILER_PATH=/home/feng/xiaozhi/work/download/toolchain-sunxi-glibc-gcc-830/toolchain/bin/../libexec/gcc/arm-openwrt-linux-gnueabi/8.3.0/:/home/feng/xiaozhi/work/download/toolchain-sunxi-glibc-gcc-830/toolchain/bin/../libexec/gcc/:/home/feng/xiaozhi/work/download/toolchain-sunxi-glibc-gcc-830/toolchain/bin/../lib/gcc/arm-openwrt-linux-gnueabi/8.3.0/../../../../arm-openwrt-linux-gnueabi/bin/]
  ignore line: [LIBRARY_PATH=/home/feng/xiaozhi/work/download/toolchain-sunxi-glibc-gcc-830/toolchain/bin/../lib/gcc/arm-openwrt-linux-gnueabi/8.3.0/:/home/feng/xiaozhi/work/download/toolchain-sunxi-glibc-gcc-830/toolchain/bin/../lib/gcc/:/home/feng/xiaozhi/work/download/toolchain-sunxi-glibc-gcc-830/toolchain/bin/../lib/gcc/arm-openwrt-linux-gnueabi/8.3.0/../../../../arm-openwrt-linux-gnueabi/lib/]
  ignore line: [COLLECT_GCC_OPTIONS='-v' '-o' 'CMakeFiles/cmTC_30b42.dir/CMakeCCompilerABI.c.o' '-c' '-mcpu=cortex-a7' '-mfloat-abi=hard' '-mfpu=neon' '-mtls-dialect=gnu' '-marm' '-march=armv7ve+neon']
  ignore line: [Linking C executable cmTC_30b42]
  ignore line: [/home/feng/xiaozhi/work/download/cmake-3.15.3-Linux-x86_64/bin/cmake -E cmake_link_script CMakeFiles/cmTC_30b42.dir/link.txt --verbose=1]
  ignore line: [/home/feng/xiaozhi/work/download/toolchain-sunxi-glibc-gcc-830/toolchain/bin/arm-openwrt-linux-gcc     -v CMakeFiles/cmTC_30b42.dir/CMakeCCompilerABI.c.o  -o cmTC_30b42 ]
  ignore line: [Reading specs from /home/feng/xiaozhi/work/download/toolchain-sunxi-glibc-gcc-830/toolchain/bin/../lib/gcc/arm-openwrt-linux-gnueabi/8.3.0/specs]
  ignore line: [COLLECT_GCC=arm-openwrt-linux-gnueabi-gcc.bin]
  ignore line: [COLLECT_LTO_WRAPPER=/home/feng/xiaozhi/work/download/toolchain-sunxi-glibc-gcc-830/toolchain/bin/../libexec/gcc/arm-openwrt-linux-gnueabi/8.3.0/lto-wrapper]
  ignore line: [Target: arm-openwrt-linux-gnueabi]
  ignore line: [Configured with: /home/xuqiang/workspace/tina-r528/out/v853-perf1/compile_dir/toolchain/gcc-8.3.0/configure --with-bugurl=https://dev.openwrt.org/ --with-pkgversion='OpenWrt/CodeSourcery GCC 8.3.0 2021.08' --prefix=/home/xuqiang/workspace/tina-r528/out/v853-perf1/staging_dir/toolchain --build=x86_64-linux-gnu --host=x86_64-linux-gnu --target=arm-openwrt-linux-gnueabi --with-gnu-ld --enable-target-optspace --enable-libgomp --disable-libmudflap --disable-multilib --disable-nls --without-isl --without-cloog --with-host-libstdcxx=-lstdc++ --with-gmp=/home/xuqiang/workspace/tina-r528/out/host --with-mpfr=/home/xuqiang/workspace/tina-r528/out/host --with-mpc=/home/xuqiang/workspace/tina-r528/out/host --disable-decimal-float --with-diagnostics-color=auto-if-env --enable-libssp --enable-__cxa_atexit --with-cpu=cortex-a7 --with-fpu=neon --with-float=hard --with-headers=/home/xuqiang/workspace/tina-r528/out/v853-perf1/staging_dir/toolchain/include --enable-libsanitizer --enable-languages=c,c++,fortran --enable-shared --enable-threads --with-slibdir=/home/xuqiang/workspace/tina-r528/out/v853-perf1/staging_dir/toolchain/lib --enable-lto --with-libelf=/home/xuqiang/workspace/tina-r528/out/host]
  ignore line: [Thread model: posix]
  ignore line: [gcc version 8.3.0 (OpenWrt/CodeSourcery GCC 8.3.0 2021.08) ]
  ignore line: [COMPILER_PATH=/home/feng/xiaozhi/work/download/toolchain-sunxi-glibc-gcc-830/toolchain/bin/../libexec/gcc/arm-openwrt-linux-gnueabi/8.3.0/:/home/feng/xiaozhi/work/download/toolchain-sunxi-glibc-gcc-830/toolchain/bin/../libexec/gcc/:/home/feng/xiaozhi/work/download/toolchain-sunxi-glibc-gcc-830/toolchain/bin/../lib/gcc/arm-openwrt-linux-gnueabi/8.3.0/../../../../arm-openwrt-linux-gnueabi/bin/]
  ignore line: [LIBRARY_PATH=/home/feng/xiaozhi/work/download/toolchain-sunxi-glibc-gcc-830/toolchain/bin/../lib/gcc/arm-openwrt-linux-gnueabi/8.3.0/:/home/feng/xiaozhi/work/download/toolchain-sunxi-glibc-gcc-830/toolchain/bin/../lib/gcc/:/home/feng/xiaozhi/work/download/toolchain-sunxi-glibc-gcc-830/toolchain/bin/../lib/gcc/arm-openwrt-linux-gnueabi/8.3.0/../../../../arm-openwrt-linux-gnueabi/lib/]
  ignore line: [COLLECT_GCC_OPTIONS='-v' '-o' 'cmTC_30b42' '-mcpu=cortex-a7' '-mfloat-abi=hard' '-mfpu=neon' '-mtls-dialect=gnu' '-marm' '-march=armv7ve+neon']
  link line: [ /home/feng/xiaozhi/work/download/toolchain-sunxi-glibc-gcc-830/toolchain/bin/../libexec/gcc/arm-openwrt-linux-gnueabi/8.3.0/collect2 -plugin /home/feng/xiaozhi/work/download/toolchain-sunxi-glibc-gcc-830/toolchain/bin/../libexec/gcc/arm-openwrt-linux-gnueabi/8.3.0/liblto_plugin.so -plugin-opt=/home/feng/xiaozhi/work/download/toolchain-sunxi-glibc-gcc-830/toolchain/bin/../libexec/gcc/arm-openwrt-linux-gnueabi/8.3.0/lto-wrapper -plugin-opt=-fresolution=/tmp/ccErVjvU.res -plugin-opt=-pass-through=-lgcc -plugin-opt=-pass-through=-lgcc_s -plugin-opt=-pass-through=-lc -plugin-opt=-pass-through=-lgcc -plugin-opt=-pass-through=-lgcc_s --eh-frame-hdr -dynamic-linker /lib/ld-linux-armhf.so.3 -X -m armelf_linux_eabi -o cmTC_30b42 /home/feng/xiaozhi/work/download/toolchain-sunxi-glibc-gcc-830/toolchain/bin/../lib/gcc/arm-openwrt-linux-gnueabi/8.3.0/../../../../arm-openwrt-linux-gnueabi/lib/crt1.o /home/feng/xiaozhi/work/download/toolchain-sunxi-glibc-gcc-830/toolchain/bin/../lib/gcc/arm-openwrt-linux-gnueabi/8.3.0/../../../../arm-openwrt-linux-gnueabi/lib/crti.o /home/feng/xiaozhi/work/download/toolchain-sunxi-glibc-gcc-830/toolchain/bin/../lib/gcc/arm-openwrt-linux-gnueabi/8.3.0/crtbegin.o -L /home/feng/xiaozhi/work/download/toolchain-sunxi-glibc-gcc-830/toolchain/bin:/home/feng/xiaozhi/work/download/toolchain-sunxi-glibc-gcc-830/toolchain/bin:/usr/lib -rpath-link /home/feng/xiaozhi/work/download/toolchain-sunxi-glibc-gcc-830/toolchain/bin:/home/feng/xiaozhi/work/download/toolchain-sunxi-glibc-gcc-830/toolchain/bin:/usr/lib -L/home/feng/xiaozhi/work/download/toolchain-sunxi-glibc-gcc-830/toolchain/bin/../lib/gcc/arm-openwrt-linux-gnueabi/8.3.0 -L/home/feng/xiaozhi/work/download/toolchain-sunxi-glibc-gcc-830/toolchain/bin/../lib/gcc -L/home/feng/xiaozhi/work/download/toolchain-sunxi-glibc-gcc-830/toolchain/bin/../lib/gcc/arm-openwrt-linux-gnueabi/8.3.0/../../../../arm-openwrt-linux-gnueabi/lib CMakeFiles/cmTC_30b42.dir/CMakeCCompilerABI.c.o -lgcc --as-needed -lgcc_s --no-as-needed -lc -lgcc --as-needed -lgcc_s --no-as-needed /home/feng/xiaozhi/work/download/toolchain-sunxi-glibc-gcc-830/toolchain/bin/../lib/gcc/arm-openwrt-linux-gnueabi/8.3.0/crtend.o /home/feng/xiaozhi/work/download/toolchain-sunxi-glibc-gcc-830/toolchain/bin/../lib/gcc/arm-openwrt-linux-gnueabi/8.3.0/../../../../arm-openwrt-linux-gnueabi/lib/crtn.o]
    arg [/home/feng/xiaozhi/work/download/toolchain-sunxi-glibc-gcc-830/toolchain/bin/../libexec/gcc/arm-openwrt-linux-gnueabi/8.3.0/collect2] ==> ignore
    arg [-plugin] ==> ignore
    arg [/home/feng/xiaozhi/work/download/toolchain-sunxi-glibc-gcc-830/toolchain/bin/../libexec/gcc/arm-openwrt-linux-gnueabi/8.3.0/liblto_plugin.so] ==> ignore
    arg [-plugin-opt=/home/feng/xiaozhi/work/download/toolchain-sunxi-glibc-gcc-830/toolchain/bin/../libexec/gcc/arm-openwrt-linux-gnueabi/8.3.0/lto-wrapper] ==> ignore
    arg [-plugin-opt=-fresolution=/tmp/ccErVjvU.res] ==> ignore
    arg [-plugin-opt=-pass-through=-lgcc] ==> ignore
    arg [-plugin-opt=-pass-through=-lgcc_s] ==> ignore
    arg [-plugin-opt=-pass-through=-lc] ==> ignore
    arg [-plugin-opt=-pass-through=-lgcc] ==> ignore
    arg [-plugin-opt=-pass-through=-lgcc_s] ==> ignore
    arg [--eh-frame-hdr] ==> ignore
    arg [-dynamic-linker] ==> ignore
    arg [/lib/ld-linux-armhf.so.3] ==> ignore
    arg [-X] ==> ignore
    arg [-m] ==> ignore
    arg [armelf_linux_eabi] ==> ignore
    arg [-o] ==> ignore
    arg [cmTC_30b42] ==> ignore
    arg [/home/feng/xiaozhi/work/download/toolchain-sunxi-glibc-gcc-830/toolchain/bin/../lib/gcc/arm-openwrt-linux-gnueabi/8.3.0/../../../../arm-openwrt-linux-gnueabi/lib/crt1.o] ==> ignore
    arg [/home/feng/xiaozhi/work/download/toolchain-sunxi-glibc-gcc-830/toolchain/bin/../lib/gcc/arm-openwrt-linux-gnueabi/8.3.0/../../../../arm-openwrt-linux-gnueabi/lib/crti.o] ==> ignore
    arg [/home/feng/xiaozhi/work/download/toolchain-sunxi-glibc-gcc-830/toolchain/bin/../lib/gcc/arm-openwrt-linux-gnueabi/8.3.0/crtbegin.o] ==> ignore
    arg [-L/home/feng/xiaozhi/work/download/toolchain-sunxi-glibc-gcc-830/toolchain/bin:/home/feng/xiaozhi/work/download/toolchain-sunxi-glibc-gcc-830/toolchain/bin:/usr/lib] ==> dir [/home/feng/xiaozhi/work/download/toolchain-sunxi-glibc-gcc-830/toolchain/bin:/home/feng/xiaozhi/work/download/toolchain-sunxi-glibc-gcc-830/toolchain/bin:/usr/lib]
    arg [-rpath-link] ==> ignore
    arg [/home/feng/xiaozhi/work/download/toolchain-sunxi-glibc-gcc-830/toolchain/bin:/home/feng/xiaozhi/work/download/toolchain-sunxi-glibc-gcc-830/toolchain/bin:/usr/lib] ==> ignore
    arg [-L/home/feng/xiaozhi/work/download/toolchain-sunxi-glibc-gcc-830/toolchain/bin/../lib/gcc/arm-openwrt-linux-gnueabi/8.3.0] ==> dir [/home/feng/xiaozhi/work/download/toolchain-sunxi-glibc-gcc-830/toolchain/bin/../lib/gcc/arm-openwrt-linux-gnueabi/8.3.0]
    arg [-L/home/feng/xiaozhi/work/download/toolchain-sunxi-glibc-gcc-830/toolchain/bin/../lib/gcc] ==> dir [/home/feng/xiaozhi/work/download/toolchain-sunxi-glibc-gcc-830/toolchain/bin/../lib/gcc]
    arg [-L/home/feng/xiaozhi/work/download/toolchain-sunxi-glibc-gcc-830/toolchain/bin/../lib/gcc/arm-openwrt-linux-gnueabi/8.3.0/../../../../arm-openwrt-linux-gnueabi/lib] ==> dir [/home/feng/xiaozhi/work/download/toolchain-sunxi-glibc-gcc-830/toolchain/bin/../lib/gcc/arm-openwrt-linux-gnueabi/8.3.0/../../../../arm-openwrt-linux-gnueabi/lib]
    arg [CMakeFiles/cmTC_30b42.dir/CMakeCCompilerABI.c.o] ==> ignore
    arg [-lgcc] ==> lib [gcc]
    arg [--as-needed] ==> ignore
    arg [-lgcc_s] ==> lib [gcc_s]
    arg [--no-as-needed] ==> ignore
    arg [-lc] ==> lib [c]
    arg [-lgcc] ==> lib [gcc]
    arg [--as-needed] ==> ignore
    arg [-lgcc_s] ==> lib [gcc_s]
    arg [--no-as-needed] ==> ignore
    arg [/home/feng/xiaozhi/work/download/toolchain-sunxi-glibc-gcc-830/toolchain/bin/../lib/gcc/arm-openwrt-linux-gnueabi/8.3.0/crtend.o] ==> ignore
    arg [/home/feng/xiaozhi/work/download/toolchain-sunxi-glibc-gcc-830/toolchain/bin/../lib/gcc/arm-openwrt-linux-gnueabi/8.3.0/../../../../arm-openwrt-linux-gnueabi/lib/crtn.o] ==> ignore
  collapse library dir [/home/feng/xiaozhi/work/download/toolchain-sunxi-glibc-gcc-830/toolchain/bin:/home/feng/xiaozhi/work/download/toolchain-sunxi-glibc-gcc-830/toolchain/bin:/usr/lib] ==> [/home/feng/xiaozhi/work/download/toolchain-sunxi-glibc-gcc-830/toolchain/bin:/home/feng/xiaozhi/work/download/toolchain-sunxi-glibc-gcc-830/toolchain/bin:/usr/lib]
  collapse library dir [/home/feng/xiaozhi/work/download/toolchain-sunxi-glibc-gcc-830/toolchain/bin/../lib/gcc/arm-openwrt-linux-gnueabi/8.3.0] ==> [/home/feng/xiaozhi/work/download/toolchain-sunxi-glibc-gcc-830/toolchain/lib/gcc/arm-openwrt-linux-gnueabi/8.3.0]
  collapse library dir [/home/feng/xiaozhi/work/download/toolchain-sunxi-glibc-gcc-830/toolchain/bin/../lib/gcc] ==> [/home/feng/xiaozhi/work/download/toolchain-sunxi-glibc-gcc-830/toolchain/lib/gcc]
  collapse library dir [/home/feng/xiaozhi/work/download/toolchain-sunxi-glibc-gcc-830/toolchain/bin/../lib/gcc/arm-openwrt-linux-gnueabi/8.3.0/../../../../arm-openwrt-linux-gnueabi/lib] ==> [/home/feng/xiaozhi/work/download/toolchain-sunxi-glibc-gcc-830/toolchain/arm-openwrt-linux-gnueabi/lib]
  implicit libs: [gcc;gcc_s;c;gcc;gcc_s]
  implicit dirs: [/home/feng/xiaozhi/work/download/toolchain-sunxi-glibc-gcc-830/toolchain/bin:/home/feng/xiaozhi/work/download/toolchain-sunxi-glibc-gcc-830/toolchain/bin:/usr/lib;/home/feng/xiaozhi/work/download/toolchain-sunxi-glibc-gcc-830/toolchain/lib/gcc/arm-openwrt-linux-gnueabi/8.3.0;/home/feng/xiaozhi/work/download/toolchain-sunxi-glibc-gcc-830/toolchain/lib/gcc;/home/feng/xiaozhi/work/download/toolchain-sunxi-glibc-gcc-830/toolchain/arm-openwrt-linux-gnueabi/lib]
  implicit fwks: []


Determining if the CXX compiler works passed with the following output:
Change Dir: /home/feng/xiaozhi/work/app4/build/CMakeFiles/CMakeTmp

Run Build Command(s):/usr/bin/make cmTC_43f06/fast && /usr/bin/make -f CMakeFiles/cmTC_43f06.dir/build.make CMakeFiles/cmTC_43f06.dir/build
make[1]: 进入目录“/home/feng/xiaozhi/work/app4/build/CMakeFiles/CMakeTmp”
Building CXX object CMakeFiles/cmTC_43f06.dir/testCXXCompiler.cxx.o
/home/feng/xiaozhi/work/download/toolchain-sunxi-glibc-gcc-830/toolchain/bin/arm-openwrt-linux-c++     -o CMakeFiles/cmTC_43f06.dir/testCXXCompiler.cxx.o -c /home/feng/xiaozhi/work/app4/build/CMakeFiles/CMakeTmp/testCXXCompiler.cxx
Linking CXX executable cmTC_43f06
/home/feng/xiaozhi/work/download/cmake-3.15.3-Linux-x86_64/bin/cmake -E cmake_link_script CMakeFiles/cmTC_43f06.dir/link.txt --verbose=1
/home/feng/xiaozhi/work/download/toolchain-sunxi-glibc-gcc-830/toolchain/bin/arm-openwrt-linux-c++       CMakeFiles/cmTC_43f06.dir/testCXXCompiler.cxx.o  -o cmTC_43f06 
make[1]: 离开目录“/home/feng/xiaozhi/work/app4/build/CMakeFiles/CMakeTmp”



Detecting CXX compiler ABI info compiled with the following output:
Change Dir: /home/feng/xiaozhi/work/app4/build/CMakeFiles/CMakeTmp

Run Build Command(s):/usr/bin/make cmTC_0ae07/fast && /usr/bin/make -f CMakeFiles/cmTC_0ae07.dir/build.make CMakeFiles/cmTC_0ae07.dir/build
make[1]: Entering directory '/home/feng/xiaozhi/work/app4/build/CMakeFiles/CMakeTmp'
Building CXX object CMakeFiles/cmTC_0ae07.dir/CMakeCXXCompilerABI.cpp.o
/home/feng/xiaozhi/work/download/toolchain-sunxi-glibc-gcc-830/toolchain/bin/arm-openwrt-linux-c++    -v -o CMakeFiles/cmTC_0ae07.dir/CMakeCXXCompilerABI.cpp.o -c /home/feng/xiaozhi/work/download/cmake-3.15.3-Linux-x86_64/share/cmake-3.15/Modules/CMakeCXXCompilerABI.cpp
Reading specs from /home/feng/xiaozhi/work/download/toolchain-sunxi-glibc-gcc-830/toolchain/bin/../lib/gcc/arm-openwrt-linux-gnueabi/8.3.0/specs
COLLECT_GCC=arm-openwrt-linux-gnueabi-c++.bin
Target: arm-openwrt-linux-gnueabi
Configured with: /home/xuqiang/workspace/tina-r528/out/v853-perf1/compile_dir/toolchain/gcc-8.3.0/configure --with-bugurl=https://dev.openwrt.org/ --with-pkgversion='OpenWrt/CodeSourcery GCC 8.3.0 2021.08' --prefix=/home/xuqiang/workspace/tina-r528/out/v853-perf1/staging_dir/toolchain --build=x86_64-linux-gnu --host=x86_64-linux-gnu --target=arm-openwrt-linux-gnueabi --with-gnu-ld --enable-target-optspace --enable-libgomp --disable-libmudflap --disable-multilib --disable-nls --without-isl --without-cloog --with-host-libstdcxx=-lstdc++ --with-gmp=/home/xuqiang/workspace/tina-r528/out/host --with-mpfr=/home/xuqiang/workspace/tina-r528/out/host --with-mpc=/home/xuqiang/workspace/tina-r528/out/host --disable-decimal-float --with-diagnostics-color=auto-if-env --enable-libssp --enable-__cxa_atexit --with-cpu=cortex-a7 --with-fpu=neon --with-float=hard --with-headers=/home/xuqiang/workspace/tina-r528/out/v853-perf1/staging_dir/toolchain/include --enable-libsanitizer --enable-languages=c,c++,fortran --enable-shared --enable-threads --with-slibdir=/home/xuqiang/workspace/tina-r528/out/v853-perf1/staging_dir/toolchain/lib --enable-lto --with-libelf=/home/xuqiang/workspace/tina-r528/out/host
Thread model: posix
gcc version 8.3.0 (OpenWrt/CodeSourcery GCC 8.3.0 2021.08) 
COLLECT_GCC_OPTIONS='-v' '-o' 'CMakeFiles/cmTC_0ae07.dir/CMakeCXXCompilerABI.cpp.o' '-c' '-shared-libgcc' '-mcpu=cortex-a7' '-mfloat-abi=hard' '-mfpu=neon' '-mtls-dialect=gnu' '-marm' '-march=armv7ve+neon'
 /home/feng/xiaozhi/work/download/toolchain-sunxi-glibc-gcc-830/toolchain/bin/../libexec/gcc/arm-openwrt-linux-gnueabi/8.3.0/cc1plus -quiet -v -iprefix /home/feng/xiaozhi/work/download/toolchain-sunxi-glibc-gcc-830/toolchain/bin/../lib/gcc/arm-openwrt-linux-gnueabi/8.3.0/ -D_GNU_SOURCE -idirafter /home/feng/xiaozhi/work/download/toolchain-sunxi-glibc-gcc-830/toolchain/bin:/home/feng/xiaozhi/work/download/toolchain-sunxi-glibc-gcc-830/toolchain/bin:/usr/include /home/feng/xiaozhi/work/download/cmake-3.15.3-Linux-x86_64/share/cmake-3.15/Modules/CMakeCXXCompilerABI.cpp -quiet -dumpbase CMakeCXXCompilerABI.cpp -mcpu=cortex-a7 -mfloat-abi=hard -mfpu=neon -mtls-dialect=gnu -marm -march=armv7ve+neon -auxbase-strip CMakeFiles/cmTC_0ae07.dir/CMakeCXXCompilerABI.cpp.o -version -o /tmp/ccIzLF42.s
GNU C++14 (OpenWrt/CodeSourcery GCC 8.3.0 2021.08) version 8.3.0 (arm-openwrt-linux-gnueabi)
	compiled by GNU C version 4.8.4, GMP version 6.1.0, MPFR version 3.1.3, MPC version 1.0.3, isl version none
GGC heuristics: --param ggc-min-expand=100 --param ggc-min-heapsize=131072
ignoring duplicate directory "/home/feng/xiaozhi/work/download/toolchain-sunxi-glibc-gcc-830/toolchain/bin/../lib/gcc/../../lib/gcc/arm-openwrt-linux-gnueabi/8.3.0/../../../../arm-openwrt-linux-gnueabi/include/c++/8.3.0"
ignoring duplicate directory "/home/feng/xiaozhi/work/download/toolchain-sunxi-glibc-gcc-830/toolchain/bin/../lib/gcc/../../lib/gcc/arm-openwrt-linux-gnueabi/8.3.0/../../../../arm-openwrt-linux-gnueabi/include/c++/8.3.0/arm-openwrt-linux-gnueabi"
ignoring duplicate directory "/home/feng/xiaozhi/work/download/toolchain-sunxi-glibc-gcc-830/toolchain/bin/../lib/gcc/../../lib/gcc/arm-openwrt-linux-gnueabi/8.3.0/../../../../arm-openwrt-linux-gnueabi/include/c++/8.3.0/backward"
ignoring duplicate directory "/home/feng/xiaozhi/work/download/toolchain-sunxi-glibc-gcc-830/toolchain/bin/../lib/gcc/../../lib/gcc/arm-openwrt-linux-gnueabi/8.3.0/include"
ignoring duplicate directory "/home/feng/xiaozhi/work/download/toolchain-sunxi-glibc-gcc-830/toolchain/bin/../lib/gcc/../../lib/gcc/arm-openwrt-linux-gnueabi/8.3.0/include-fixed"
ignoring duplicate directory "/home/feng/xiaozhi/work/download/toolchain-sunxi-glibc-gcc-830/toolchain/bin/../lib/gcc/../../lib/gcc/arm-openwrt-linux-gnueabi/8.3.0/../../../../arm-openwrt-linux-gnueabi/sys-include"
ignoring duplicate directory "/home/feng/xiaozhi/work/download/toolchain-sunxi-glibc-gcc-830/toolchain/bin/../lib/gcc/../../lib/gcc/arm-openwrt-linux-gnueabi/8.3.0/../../../../arm-openwrt-linux-gnueabi/include"
ignoring nonexistent directory "/home/feng/xiaozhi/work/download/toolchain-sunxi-glibc-gcc-830/toolchain/bin:/home/feng/xiaozhi/work/download/toolchain-sunxi-glibc-gcc-830/toolchain/bin:/usr/include"
#include "..." search starts here:
#include <...> search starts here:
 /home/feng/xiaozhi/work/download/toolchain-sunxi-glibc-gcc-830/toolchain/bin/../lib/gcc/arm-openwrt-linux-gnueabi/8.3.0/../../../../arm-openwrt-linux-gnueabi/include/c++/8.3.0
 /home/feng/xiaozhi/work/download/toolchain-sunxi-glibc-gcc-830/toolchain/bin/../lib/gcc/arm-openwrt-linux-gnueabi/8.3.0/../../../../arm-openwrt-linux-gnueabi/include/c++/8.3.0/arm-openwrt-linux-gnueabi
 /home/feng/xiaozhi/work/download/toolchain-sunxi-glibc-gcc-830/toolchain/bin/../lib/gcc/arm-openwrt-linux-gnueabi/8.3.0/../../../../arm-openwrt-linux-gnueabi/include/c++/8.3.0/backward
 /home/feng/xiaozhi/work/download/toolchain-sunxi-glibc-gcc-830/toolchain/bin/../lib/gcc/arm-openwrt-linux-gnueabi/8.3.0/include
 /home/feng/xiaozhi/work/download/toolchain-sunxi-glibc-gcc-830/toolchain/bin/../lib/gcc/arm-openwrt-linux-gnueabi/8.3.0/include-fixed
 /home/feng/xiaozhi/work/download/toolchain-sunxi-glibc-gcc-830/toolchain/bin/../lib/gcc/arm-openwrt-linux-gnueabi/8.3.0/../../../../arm-openwrt-linux-gnueabi/sys-include
 /home/feng/xiaozhi/work/download/toolchain-sunxi-glibc-gcc-830/toolchain/bin/../lib/gcc/arm-openwrt-linux-gnueabi/8.3.0/../../../../arm-openwrt-linux-gnueabi/include
End of search list.
GNU C++14 (OpenWrt/CodeSourcery GCC 8.3.0 2021.08) version 8.3.0 (arm-openwrt-linux-gnueabi)
	compiled by GNU C version 4.8.4, GMP version 6.1.0, MPFR version 3.1.3, MPC version 1.0.3, isl version none
GGC heuristics: --param ggc-min-expand=100 --param ggc-min-heapsize=131072
Compiler executable checksum: d9bd3926152649c8083a8b2795c04462
COLLECT_GCC_OPTIONS='-v' '-o' 'CMakeFiles/cmTC_0ae07.dir/CMakeCXXCompilerABI.cpp.o' '-c' '-shared-libgcc' '-mcpu=cortex-a7' '-mfloat-abi=hard' '-mfpu=neon' '-mtls-dialect=gnu' '-marm' '-march=armv7ve+neon'
 /home/feng/xiaozhi/work/download/toolchain-sunxi-glibc-gcc-830/toolchain/bin/../lib/gcc/arm-openwrt-linux-gnueabi/8.3.0/../../../../arm-openwrt-linux-gnueabi/bin/as -v -march=armv7ve -mfloat-abi=hard -mfpu=neon -meabi=5 -o CMakeFiles/cmTC_0ae07.dir/CMakeCXXCompilerABI.cpp.o /tmp/ccIzLF42.s
GNU assembler version 2.28 (arm-openwrt-linux-gnueabi) using BFD version (GNU Binutils) 2.28
COMPILER_PATH=/home/feng/xiaozhi/work/download/toolchain-sunxi-glibc-gcc-830/toolchain/bin/../libexec/gcc/arm-openwrt-linux-gnueabi/8.3.0/:/home/feng/xiaozhi/work/download/toolchain-sunxi-glibc-gcc-830/toolchain/bin/../libexec/gcc/:/home/feng/xiaozhi/work/download/toolchain-sunxi-glibc-gcc-830/toolchain/bin/../lib/gcc/arm-openwrt-linux-gnueabi/8.3.0/../../../../arm-openwrt-linux-gnueabi/bin/
LIBRARY_PATH=/home/feng/xiaozhi/work/download/toolchain-sunxi-glibc-gcc-830/toolchain/bin/../lib/gcc/arm-openwrt-linux-gnueabi/8.3.0/:/home/feng/xiaozhi/work/download/toolchain-sunxi-glibc-gcc-830/toolchain/bin/../lib/gcc/:/home/feng/xiaozhi/work/download/toolchain-sunxi-glibc-gcc-830/toolchain/bin/../lib/gcc/arm-openwrt-linux-gnueabi/8.3.0/../../../../arm-openwrt-linux-gnueabi/lib/
COLLECT_GCC_OPTIONS='-v' '-o' 'CMakeFiles/cmTC_0ae07.dir/CMakeCXXCompilerABI.cpp.o' '-c' '-shared-libgcc' '-mcpu=cortex-a7' '-mfloat-abi=hard' '-mfpu=neon' '-mtls-dialect=gnu' '-marm' '-march=armv7ve+neon'
Linking CXX executable cmTC_0ae07
/home/feng/xiaozhi/work/download/cmake-3.15.3-Linux-x86_64/bin/cmake -E cmake_link_script CMakeFiles/cmTC_0ae07.dir/link.txt --verbose=1
/home/feng/xiaozhi/work/download/toolchain-sunxi-glibc-gcc-830/toolchain/bin/arm-openwrt-linux-c++      -v CMakeFiles/cmTC_0ae07.dir/CMakeCXXCompilerABI.cpp.o  -o cmTC_0ae07 
Reading specs from /home/feng/xiaozhi/work/download/toolchain-sunxi-glibc-gcc-830/toolchain/bin/../lib/gcc/arm-openwrt-linux-gnueabi/8.3.0/specs
COLLECT_GCC=arm-openwrt-linux-gnueabi-c++.bin
COLLECT_LTO_WRAPPER=/home/feng/xiaozhi/work/download/toolchain-sunxi-glibc-gcc-830/toolchain/bin/../libexec/gcc/arm-openwrt-linux-gnueabi/8.3.0/lto-wrapper
Target: arm-openwrt-linux-gnueabi
Configured with: /home/xuqiang/workspace/tina-r528/out/v853-perf1/compile_dir/toolchain/gcc-8.3.0/configure --with-bugurl=https://dev.openwrt.org/ --with-pkgversion='OpenWrt/CodeSourcery GCC 8.3.0 2021.08' --prefix=/home/xuqiang/workspace/tina-r528/out/v853-perf1/staging_dir/toolchain --build=x86_64-linux-gnu --host=x86_64-linux-gnu --target=arm-openwrt-linux-gnueabi --with-gnu-ld --enable-target-optspace --enable-libgomp --disable-libmudflap --disable-multilib --disable-nls --without-isl --without-cloog --with-host-libstdcxx=-lstdc++ --with-gmp=/home/xuqiang/workspace/tina-r528/out/host --with-mpfr=/home/xuqiang/workspace/tina-r528/out/host --with-mpc=/home/xuqiang/workspace/tina-r528/out/host --disable-decimal-float --with-diagnostics-color=auto-if-env --enable-libssp --enable-__cxa_atexit --with-cpu=cortex-a7 --with-fpu=neon --with-float=hard --with-headers=/home/xuqiang/workspace/tina-r528/out/v853-perf1/staging_dir/toolchain/include --enable-libsanitizer --enable-languages=c,c++,fortran --enable-shared --enable-threads --with-slibdir=/home/xuqiang/workspace/tina-r528/out/v853-perf1/staging_dir/toolchain/lib --enable-lto --with-libelf=/home/xuqiang/workspace/tina-r528/out/host
Thread model: posix
gcc version 8.3.0 (OpenWrt/CodeSourcery GCC 8.3.0 2021.08) 
COMPILER_PATH=/home/feng/xiaozhi/work/download/toolchain-sunxi-glibc-gcc-830/toolchain/bin/../libexec/gcc/arm-openwrt-linux-gnueabi/8.3.0/:/home/feng/xiaozhi/work/download/toolchain-sunxi-glibc-gcc-830/toolchain/bin/../libexec/gcc/:/home/feng/xiaozhi/work/download/toolchain-sunxi-glibc-gcc-830/toolchain/bin/../lib/gcc/arm-openwrt-linux-gnueabi/8.3.0/../../../../arm-openwrt-linux-gnueabi/bin/
LIBRARY_PATH=/home/feng/xiaozhi/work/download/toolchain-sunxi-glibc-gcc-830/toolchain/bin/../lib/gcc/arm-openwrt-linux-gnueabi/8.3.0/:/home/feng/xiaozhi/work/download/toolchain-sunxi-glibc-gcc-830/toolchain/bin/../lib/gcc/:/home/feng/xiaozhi/work/download/toolchain-sunxi-glibc-gcc-830/toolchain/bin/../lib/gcc/arm-openwrt-linux-gnueabi/8.3.0/../../../../arm-openwrt-linux-gnueabi/lib/
COLLECT_GCC_OPTIONS='-v' '-o' 'cmTC_0ae07' '-shared-libgcc' '-mcpu=cortex-a7' '-mfloat-abi=hard' '-mfpu=neon' '-mtls-dialect=gnu' '-marm' '-march=armv7ve+neon'
 /home/feng/xiaozhi/work/download/toolchain-sunxi-glibc-gcc-830/toolchain/bin/../libexec/gcc/arm-openwrt-linux-gnueabi/8.3.0/collect2 -plugin /home/feng/xiaozhi/work/download/toolchain-sunxi-glibc-gcc-830/toolchain/bin/../libexec/gcc/arm-openwrt-linux-gnueabi/8.3.0/liblto_plugin.so -plugin-opt=/home/feng/xiaozhi/work/download/toolchain-sunxi-glibc-gcc-830/toolchain/bin/../libexec/gcc/arm-openwrt-linux-gnueabi/8.3.0/lto-wrapper -plugin-opt=-fresolution=/tmp/ccNw4ErM.res -plugin-opt=-pass-through=-lgcc_s -plugin-opt=-pass-through=-lgcc -plugin-opt=-pass-through=-lc -plugin-opt=-pass-through=-lgcc_s -plugin-opt=-pass-through=-lgcc --eh-frame-hdr -dynamic-linker /lib/ld-linux-armhf.so.3 -X -m armelf_linux_eabi -o cmTC_0ae07 /home/feng/xiaozhi/work/download/toolchain-sunxi-glibc-gcc-830/toolchain/bin/../lib/gcc/arm-openwrt-linux-gnueabi/8.3.0/../../../../arm-openwrt-linux-gnueabi/lib/crt1.o /home/feng/xiaozhi/work/download/toolchain-sunxi-glibc-gcc-830/toolchain/bin/../lib/gcc/arm-openwrt-linux-gnueabi/8.3.0/../../../../arm-openwrt-linux-gnueabi/lib/crti.o /home/feng/xiaozhi/work/download/toolchain-sunxi-glibc-gcc-830/toolchain/bin/../lib/gcc/arm-openwrt-linux-gnueabi/8.3.0/crtbegin.o -L /home/feng/xiaozhi/work/download/toolchain-sunxi-glibc-gcc-830/toolchain/bin:/home/feng/xiaozhi/work/download/toolchain-sunxi-glibc-gcc-830/toolchain/bin:/usr/lib -rpath-link /home/feng/xiaozhi/work/download/toolchain-sunxi-glibc-gcc-830/toolchain/bin:/home/feng/xiaozhi/work/download/toolchain-sunxi-glibc-gcc-830/toolchain/bin:/usr/lib -L/home/feng/xiaozhi/work/download/toolchain-sunxi-glibc-gcc-830/toolchain/bin/../lib/gcc/arm-openwrt-linux-gnueabi/8.3.0 -L/home/feng/xiaozhi/work/download/toolchain-sunxi-glibc-gcc-830/toolchain/bin/../lib/gcc -L/home/feng/xiaozhi/work/download/toolchain-sunxi-glibc-gcc-830/toolchain/bin/../lib/gcc/arm-openwrt-linux-gnueabi/8.3.0/../../../../arm-openwrt-linux-gnueabi/lib CMakeFiles/cmTC_0ae07.dir/CMakeCXXCompilerABI.cpp.o -lstdc++ -lm -lgcc_s -lgcc -lc -lgcc_s -lgcc /home/feng/xiaozhi/work/download/toolchain-sunxi-glibc-gcc-830/toolchain/bin/../lib/gcc/arm-openwrt-linux-gnueabi/8.3.0/crtend.o /home/feng/xiaozhi/work/download/toolchain-sunxi-glibc-gcc-830/toolchain/bin/../lib/gcc/arm-openwrt-linux-gnueabi/8.3.0/../../../../arm-openwrt-linux-gnueabi/lib/crtn.o
COLLECT_GCC_OPTIONS='-v' '-o' 'cmTC_0ae07' '-shared-libgcc' '-mcpu=cortex-a7' '-mfloat-abi=hard' '-mfpu=neon' '-mtls-dialect=gnu' '-marm' '-march=armv7ve+neon'
make[1]: Leaving directory '/home/feng/xiaozhi/work/app4/build/CMakeFiles/CMakeTmp'



Parsed CXX implicit include dir info from above output: rv=done
  found start of include info
  found start of implicit include info
    add: [/home/feng/xiaozhi/work/download/toolchain-sunxi-glibc-gcc-830/toolchain/bin/../lib/gcc/arm-openwrt-linux-gnueabi/8.3.0/../../../../arm-openwrt-linux-gnueabi/include/c++/8.3.0]
    add: [/home/feng/xiaozhi/work/download/toolchain-sunxi-glibc-gcc-830/toolchain/bin/../lib/gcc/arm-openwrt-linux-gnueabi/8.3.0/../../../../arm-openwrt-linux-gnueabi/include/c++/8.3.0/arm-openwrt-linux-gnueabi]
    add: [/home/feng/xiaozhi/work/download/toolchain-sunxi-glibc-gcc-830/toolchain/bin/../lib/gcc/arm-openwrt-linux-gnueabi/8.3.0/../../../../arm-openwrt-linux-gnueabi/include/c++/8.3.0/backward]
    add: [/home/feng/xiaozhi/work/download/toolchain-sunxi-glibc-gcc-830/toolchain/bin/../lib/gcc/arm-openwrt-linux-gnueabi/8.3.0/include]
    add: [/home/feng/xiaozhi/work/download/toolchain-sunxi-glibc-gcc-830/toolchain/bin/../lib/gcc/arm-openwrt-linux-gnueabi/8.3.0/include-fixed]
    add: [/home/feng/xiaozhi/work/download/toolchain-sunxi-glibc-gcc-830/toolchain/bin/../lib/gcc/arm-openwrt-linux-gnueabi/8.3.0/../../../../arm-openwrt-linux-gnueabi/sys-include]
    add: [/home/feng/xiaozhi/work/download/toolchain-sunxi-glibc-gcc-830/toolchain/bin/../lib/gcc/arm-openwrt-linux-gnueabi/8.3.0/../../../../arm-openwrt-linux-gnueabi/include]
  end of search list found
  collapse include dir [/home/feng/xiaozhi/work/download/toolchain-sunxi-glibc-gcc-830/toolchain/bin/../lib/gcc/arm-openwrt-linux-gnueabi/8.3.0/../../../../arm-openwrt-linux-gnueabi/include/c++/8.3.0] ==> [/home/feng/xiaozhi/work/download/toolchain-sunxi-glibc-gcc-830/toolchain/arm-openwrt-linux-gnueabi/include/c++/8.3.0]
  collapse include dir [/home/feng/xiaozhi/work/download/toolchain-sunxi-glibc-gcc-830/toolchain/bin/../lib/gcc/arm-openwrt-linux-gnueabi/8.3.0/../../../../arm-openwrt-linux-gnueabi/include/c++/8.3.0/arm-openwrt-linux-gnueabi] ==> [/home/feng/xiaozhi/work/download/toolchain-sunxi-glibc-gcc-830/toolchain/arm-openwrt-linux-gnueabi/include/c++/8.3.0/arm-openwrt-linux-gnueabi]
  collapse include dir [/home/feng/xiaozhi/work/download/toolchain-sunxi-glibc-gcc-830/toolchain/bin/../lib/gcc/arm-openwrt-linux-gnueabi/8.3.0/../../../../arm-openwrt-linux-gnueabi/include/c++/8.3.0/backward] ==> [/home/feng/xiaozhi/work/download/toolchain-sunxi-glibc-gcc-830/toolchain/arm-openwrt-linux-gnueabi/include/c++/8.3.0/backward]
  collapse include dir [/home/feng/xiaozhi/work/download/toolchain-sunxi-glibc-gcc-830/toolchain/bin/../lib/gcc/arm-openwrt-linux-gnueabi/8.3.0/include] ==> [/home/feng/xiaozhi/work/download/toolchain-sunxi-glibc-gcc-830/toolchain/lib/gcc/arm-openwrt-linux-gnueabi/8.3.0/include]
  collapse include dir [/home/feng/xiaozhi/work/download/toolchain-sunxi-glibc-gcc-830/toolchain/bin/../lib/gcc/arm-openwrt-linux-gnueabi/8.3.0/include-fixed] ==> [/home/feng/xiaozhi/work/download/toolchain-sunxi-glibc-gcc-830/toolchain/lib/gcc/arm-openwrt-linux-gnueabi/8.3.0/include-fixed]
  collapse include dir [/home/feng/xiaozhi/work/download/toolchain-sunxi-glibc-gcc-830/toolchain/bin/../lib/gcc/arm-openwrt-linux-gnueabi/8.3.0/../../../../arm-openwrt-linux-gnueabi/sys-include] ==> [/home/feng/xiaozhi/work/download/toolchain-sunxi-glibc-gcc-830/toolchain/arm-openwrt-linux-gnueabi/sys-include]
  collapse include dir [/home/feng/xiaozhi/work/download/toolchain-sunxi-glibc-gcc-830/toolchain/bin/../lib/gcc/arm-openwrt-linux-gnueabi/8.3.0/../../../../arm-openwrt-linux-gnueabi/include] ==> [/home/feng/xiaozhi/work/download/toolchain-sunxi-glibc-gcc-830/toolchain/arm-openwrt-linux-gnueabi/include]
  implicit include dirs: [/home/feng/xiaozhi/work/download/toolchain-sunxi-glibc-gcc-830/toolchain/arm-openwrt-linux-gnueabi/include/c++/8.3.0;/home/feng/xiaozhi/work/download/toolchain-sunxi-glibc-gcc-830/toolchain/arm-openwrt-linux-gnueabi/include/c++/8.3.0/arm-openwrt-linux-gnueabi;/home/feng/xiaozhi/work/download/toolchain-sunxi-glibc-gcc-830/toolchain/arm-openwrt-linux-gnueabi/include/c++/8.3.0/backward;/home/feng/xiaozhi/work/download/toolchain-sunxi-glibc-gcc-830/toolchain/lib/gcc/arm-openwrt-linux-gnueabi/8.3.0/include;/home/feng/xiaozhi/work/download/toolchain-sunxi-glibc-gcc-830/toolchain/lib/gcc/arm-openwrt-linux-gnueabi/8.3.0/include-fixed;/home/feng/xiaozhi/work/download/toolchain-sunxi-glibc-gcc-830/toolchain/arm-openwrt-linux-gnueabi/sys-include;/home/feng/xiaozhi/work/download/toolchain-sunxi-glibc-gcc-830/toolchain/arm-openwrt-linux-gnueabi/include]


Parsed CXX implicit link information from above output:
  link line regex: [^( *|.*[/\])(arm-openwrt-linux-ld|CMAKE_LINK_STARTFILE-NOTFOUND|([^/\]+-)?ld|collect2)[^/\]*( |$)]
  ignore line: [Change Dir: /home/feng/xiaozhi/work/app4/build/CMakeFiles/CMakeTmp]
  ignore line: []
  ignore line: [Run Build Command(s):/usr/bin/make cmTC_0ae07/fast && /usr/bin/make -f CMakeFiles/cmTC_0ae07.dir/build.make CMakeFiles/cmTC_0ae07.dir/build]
  ignore line: [make[1]: Entering directory '/home/feng/xiaozhi/work/app4/build/CMakeFiles/CMakeTmp']
  ignore line: [Building CXX object CMakeFiles/cmTC_0ae07.dir/CMakeCXXCompilerABI.cpp.o]
  ignore line: [/home/feng/xiaozhi/work/download/toolchain-sunxi-glibc-gcc-830/toolchain/bin/arm-openwrt-linux-c++    -v -o CMakeFiles/cmTC_0ae07.dir/CMakeCXXCompilerABI.cpp.o -c /home/feng/xiaozhi/work/download/cmake-3.15.3-Linux-x86_64/share/cmake-3.15/Modules/CMakeCXXCompilerABI.cpp]
  ignore line: [Reading specs from /home/feng/xiaozhi/work/download/toolchain-sunxi-glibc-gcc-830/toolchain/bin/../lib/gcc/arm-openwrt-linux-gnueabi/8.3.0/specs]
  ignore line: [COLLECT_GCC=arm-openwrt-linux-gnueabi-c++.bin]
  ignore line: [Target: arm-openwrt-linux-gnueabi]
  ignore line: [Configured with: /home/xuqiang/workspace/tina-r528/out/v853-perf1/compile_dir/toolchain/gcc-8.3.0/configure --with-bugurl=https://dev.openwrt.org/ --with-pkgversion='OpenWrt/CodeSourcery GCC 8.3.0 2021.08' --prefix=/home/xuqiang/workspace/tina-r528/out/v853-perf1/staging_dir/toolchain --build=x86_64-linux-gnu --host=x86_64-linux-gnu --target=arm-openwrt-linux-gnueabi --with-gnu-ld --enable-target-optspace --enable-libgomp --disable-libmudflap --disable-multilib --disable-nls --without-isl --without-cloog --with-host-libstdcxx=-lstdc++ --with-gmp=/home/xuqiang/workspace/tina-r528/out/host --with-mpfr=/home/xuqiang/workspace/tina-r528/out/host --with-mpc=/home/xuqiang/workspace/tina-r528/out/host --disable-decimal-float --with-diagnostics-color=auto-if-env --enable-libssp --enable-__cxa_atexit --with-cpu=cortex-a7 --with-fpu=neon --with-float=hard --with-headers=/home/xuqiang/workspace/tina-r528/out/v853-perf1/staging_dir/toolchain/include --enable-libsanitizer --enable-languages=c,c++,fortran --enable-shared --enable-threads --with-slibdir=/home/xuqiang/workspace/tina-r528/out/v853-perf1/staging_dir/toolchain/lib --enable-lto --with-libelf=/home/xuqiang/workspace/tina-r528/out/host]
  ignore line: [Thread model: posix]
  ignore line: [gcc version 8.3.0 (OpenWrt/CodeSourcery GCC 8.3.0 2021.08) ]
  ignore line: [COLLECT_GCC_OPTIONS='-v' '-o' 'CMakeFiles/cmTC_0ae07.dir/CMakeCXXCompilerABI.cpp.o' '-c' '-shared-libgcc' '-mcpu=cortex-a7' '-mfloat-abi=hard' '-mfpu=neon' '-mtls-dialect=gnu' '-marm' '-march=armv7ve+neon']
  ignore line: [ /home/feng/xiaozhi/work/download/toolchain-sunxi-glibc-gcc-830/toolchain/bin/../libexec/gcc/arm-openwrt-linux-gnueabi/8.3.0/cc1plus -quiet -v -iprefix /home/feng/xiaozhi/work/download/toolchain-sunxi-glibc-gcc-830/toolchain/bin/../lib/gcc/arm-openwrt-linux-gnueabi/8.3.0/ -D_GNU_SOURCE -idirafter /home/feng/xiaozhi/work/download/toolchain-sunxi-glibc-gcc-830/toolchain/bin:/home/feng/xiaozhi/work/download/toolchain-sunxi-glibc-gcc-830/toolchain/bin:/usr/include /home/feng/xiaozhi/work/download/cmake-3.15.3-Linux-x86_64/share/cmake-3.15/Modules/CMakeCXXCompilerABI.cpp -quiet -dumpbase CMakeCXXCompilerABI.cpp -mcpu=cortex-a7 -mfloat-abi=hard -mfpu=neon -mtls-dialect=gnu -marm -march=armv7ve+neon -auxbase-strip CMakeFiles/cmTC_0ae07.dir/CMakeCXXCompilerABI.cpp.o -version -o /tmp/ccIzLF42.s]
  ignore line: [GNU C++14 (OpenWrt/CodeSourcery GCC 8.3.0 2021.08) version 8.3.0 (arm-openwrt-linux-gnueabi)]
  ignore line: [	compiled by GNU C version 4.8.4, GMP version 6.1.0, MPFR version 3.1.3, MPC version 1.0.3, isl version none]
  ignore line: [GGC heuristics: --param ggc-min-expand=100 --param ggc-min-heapsize=131072]
  ignore line: [ignoring duplicate directory "/home/feng/xiaozhi/work/download/toolchain-sunxi-glibc-gcc-830/toolchain/bin/../lib/gcc/../../lib/gcc/arm-openwrt-linux-gnueabi/8.3.0/../../../../arm-openwrt-linux-gnueabi/include/c++/8.3.0"]
  ignore line: [ignoring duplicate directory "/home/feng/xiaozhi/work/download/toolchain-sunxi-glibc-gcc-830/toolchain/bin/../lib/gcc/../../lib/gcc/arm-openwrt-linux-gnueabi/8.3.0/../../../../arm-openwrt-linux-gnueabi/include/c++/8.3.0/arm-openwrt-linux-gnueabi"]
  ignore line: [ignoring duplicate directory "/home/feng/xiaozhi/work/download/toolchain-sunxi-glibc-gcc-830/toolchain/bin/../lib/gcc/../../lib/gcc/arm-openwrt-linux-gnueabi/8.3.0/../../../../arm-openwrt-linux-gnueabi/include/c++/8.3.0/backward"]
  ignore line: [ignoring duplicate directory "/home/feng/xiaozhi/work/download/toolchain-sunxi-glibc-gcc-830/toolchain/bin/../lib/gcc/../../lib/gcc/arm-openwrt-linux-gnueabi/8.3.0/include"]
  ignore line: [ignoring duplicate directory "/home/feng/xiaozhi/work/download/toolchain-sunxi-glibc-gcc-830/toolchain/bin/../lib/gcc/../../lib/gcc/arm-openwrt-linux-gnueabi/8.3.0/include-fixed"]
  ignore line: [ignoring duplicate directory "/home/feng/xiaozhi/work/download/toolchain-sunxi-glibc-gcc-830/toolchain/bin/../lib/gcc/../../lib/gcc/arm-openwrt-linux-gnueabi/8.3.0/../../../../arm-openwrt-linux-gnueabi/sys-include"]
  ignore line: [ignoring duplicate directory "/home/feng/xiaozhi/work/download/toolchain-sunxi-glibc-gcc-830/toolchain/bin/../lib/gcc/../../lib/gcc/arm-openwrt-linux-gnueabi/8.3.0/../../../../arm-openwrt-linux-gnueabi/include"]
  ignore line: [ignoring nonexistent directory "/home/feng/xiaozhi/work/download/toolchain-sunxi-glibc-gcc-830/toolchain/bin:/home/feng/xiaozhi/work/download/toolchain-sunxi-glibc-gcc-830/toolchain/bin:/usr/include"]
  ignore line: [#include "..." search starts here:]
  ignore line: [#include <...> search starts here:]
  ignore line: [ /home/feng/xiaozhi/work/download/toolchain-sunxi-glibc-gcc-830/toolchain/bin/../lib/gcc/arm-openwrt-linux-gnueabi/8.3.0/../../../../arm-openwrt-linux-gnueabi/include/c++/8.3.0]
  ignore line: [ /home/feng/xiaozhi/work/download/toolchain-sunxi-glibc-gcc-830/toolchain/bin/../lib/gcc/arm-openwrt-linux-gnueabi/8.3.0/../../../../arm-openwrt-linux-gnueabi/include/c++/8.3.0/arm-openwrt-linux-gnueabi]
  ignore line: [ /home/feng/xiaozhi/work/download/toolchain-sunxi-glibc-gcc-830/toolchain/bin/../lib/gcc/arm-openwrt-linux-gnueabi/8.3.0/../../../../arm-openwrt-linux-gnueabi/include/c++/8.3.0/backward]
  ignore line: [ /home/feng/xiaozhi/work/download/toolchain-sunxi-glibc-gcc-830/toolchain/bin/../lib/gcc/arm-openwrt-linux-gnueabi/8.3.0/include]
  ignore line: [ /home/feng/xiaozhi/work/download/toolchain-sunxi-glibc-gcc-830/toolchain/bin/../lib/gcc/arm-openwrt-linux-gnueabi/8.3.0/include-fixed]
  ignore line: [ /home/feng/xiaozhi/work/download/toolchain-sunxi-glibc-gcc-830/toolchain/bin/../lib/gcc/arm-openwrt-linux-gnueabi/8.3.0/../../../../arm-openwrt-linux-gnueabi/sys-include]
  ignore line: [ /home/feng/xiaozhi/work/download/toolchain-sunxi-glibc-gcc-830/toolchain/bin/../lib/gcc/arm-openwrt-linux-gnueabi/8.3.0/../../../../arm-openwrt-linux-gnueabi/include]
  ignore line: [End of search list.]
  ignore line: [GNU C++14 (OpenWrt/CodeSourcery GCC 8.3.0 2021.08) version 8.3.0 (arm-openwrt-linux-gnueabi)]
  ignore line: [	compiled by GNU C version 4.8.4, GMP version 6.1.0, MPFR version 3.1.3, MPC version 1.0.3, isl version none]
  ignore line: [GGC heuristics: --param ggc-min-expand=100 --param ggc-min-heapsize=131072]
  ignore line: [Compiler executable checksum: d9bd3926152649c8083a8b2795c04462]
  ignore line: [COLLECT_GCC_OPTIONS='-v' '-o' 'CMakeFiles/cmTC_0ae07.dir/CMakeCXXCompilerABI.cpp.o' '-c' '-shared-libgcc' '-mcpu=cortex-a7' '-mfloat-abi=hard' '-mfpu=neon' '-mtls-dialect=gnu' '-marm' '-march=armv7ve+neon']
  ignore line: [ /home/feng/xiaozhi/work/download/toolchain-sunxi-glibc-gcc-830/toolchain/bin/../lib/gcc/arm-openwrt-linux-gnueabi/8.3.0/../../../../arm-openwrt-linux-gnueabi/bin/as -v -march=armv7ve -mfloat-abi=hard -mfpu=neon -meabi=5 -o CMakeFiles/cmTC_0ae07.dir/CMakeCXXCompilerABI.cpp.o /tmp/ccIzLF42.s]
  ignore line: [GNU assembler version 2.28 (arm-openwrt-linux-gnueabi) using BFD version (GNU Binutils) 2.28]
  ignore line: [COMPILER_PATH=/home/feng/xiaozhi/work/download/toolchain-sunxi-glibc-gcc-830/toolchain/bin/../libexec/gcc/arm-openwrt-linux-gnueabi/8.3.0/:/home/feng/xiaozhi/work/download/toolchain-sunxi-glibc-gcc-830/toolchain/bin/../libexec/gcc/:/home/feng/xiaozhi/work/download/toolchain-sunxi-glibc-gcc-830/toolchain/bin/../lib/gcc/arm-openwrt-linux-gnueabi/8.3.0/../../../../arm-openwrt-linux-gnueabi/bin/]
  ignore line: [LIBRARY_PATH=/home/feng/xiaozhi/work/download/toolchain-sunxi-glibc-gcc-830/toolchain/bin/../lib/gcc/arm-openwrt-linux-gnueabi/8.3.0/:/home/feng/xiaozhi/work/download/toolchain-sunxi-glibc-gcc-830/toolchain/bin/../lib/gcc/:/home/feng/xiaozhi/work/download/toolchain-sunxi-glibc-gcc-830/toolchain/bin/../lib/gcc/arm-openwrt-linux-gnueabi/8.3.0/../../../../arm-openwrt-linux-gnueabi/lib/]
  ignore line: [COLLECT_GCC_OPTIONS='-v' '-o' 'CMakeFiles/cmTC_0ae07.dir/CMakeCXXCompilerABI.cpp.o' '-c' '-shared-libgcc' '-mcpu=cortex-a7' '-mfloat-abi=hard' '-mfpu=neon' '-mtls-dialect=gnu' '-marm' '-march=armv7ve+neon']
  ignore line: [Linking CXX executable cmTC_0ae07]
  ignore line: [/home/feng/xiaozhi/work/download/cmake-3.15.3-Linux-x86_64/bin/cmake -E cmake_link_script CMakeFiles/cmTC_0ae07.dir/link.txt --verbose=1]
  ignore line: [/home/feng/xiaozhi/work/download/toolchain-sunxi-glibc-gcc-830/toolchain/bin/arm-openwrt-linux-c++      -v CMakeFiles/cmTC_0ae07.dir/CMakeCXXCompilerABI.cpp.o  -o cmTC_0ae07 ]
  ignore line: [Reading specs from /home/feng/xiaozhi/work/download/toolchain-sunxi-glibc-gcc-830/toolchain/bin/../lib/gcc/arm-openwrt-linux-gnueabi/8.3.0/specs]
  ignore line: [COLLECT_GCC=arm-openwrt-linux-gnueabi-c++.bin]
  ignore line: [COLLECT_LTO_WRAPPER=/home/feng/xiaozhi/work/download/toolchain-sunxi-glibc-gcc-830/toolchain/bin/../libexec/gcc/arm-openwrt-linux-gnueabi/8.3.0/lto-wrapper]
  ignore line: [Target: arm-openwrt-linux-gnueabi]
  ignore line: [Configured with: /home/xuqiang/workspace/tina-r528/out/v853-perf1/compile_dir/toolchain/gcc-8.3.0/configure --with-bugurl=https://dev.openwrt.org/ --with-pkgversion='OpenWrt/CodeSourcery GCC 8.3.0 2021.08' --prefix=/home/xuqiang/workspace/tina-r528/out/v853-perf1/staging_dir/toolchain --build=x86_64-linux-gnu --host=x86_64-linux-gnu --target=arm-openwrt-linux-gnueabi --with-gnu-ld --enable-target-optspace --enable-libgomp --disable-libmudflap --disable-multilib --disable-nls --without-isl --without-cloog --with-host-libstdcxx=-lstdc++ --with-gmp=/home/xuqiang/workspace/tina-r528/out/host --with-mpfr=/home/xuqiang/workspace/tina-r528/out/host --with-mpc=/home/xuqiang/workspace/tina-r528/out/host --disable-decimal-float --with-diagnostics-color=auto-if-env --enable-libssp --enable-__cxa_atexit --with-cpu=cortex-a7 --with-fpu=neon --with-float=hard --with-headers=/home/xuqiang/workspace/tina-r528/out/v853-perf1/staging_dir/toolchain/include --enable-libsanitizer --enable-languages=c,c++,fortran --enable-shared --enable-threads --with-slibdir=/home/xuqiang/workspace/tina-r528/out/v853-perf1/staging_dir/toolchain/lib --enable-lto --with-libelf=/home/xuqiang/workspace/tina-r528/out/host]
  ignore line: [Thread model: posix]
  ignore line: [gcc version 8.3.0 (OpenWrt/CodeSourcery GCC 8.3.0 2021.08) ]
  ignore line: [COMPILER_PATH=/home/feng/xiaozhi/work/download/toolchain-sunxi-glibc-gcc-830/toolchain/bin/../libexec/gcc/arm-openwrt-linux-gnueabi/8.3.0/:/home/feng/xiaozhi/work/download/toolchain-sunxi-glibc-gcc-830/toolchain/bin/../libexec/gcc/:/home/feng/xiaozhi/work/download/toolchain-sunxi-glibc-gcc-830/toolchain/bin/../lib/gcc/arm-openwrt-linux-gnueabi/8.3.0/../../../../arm-openwrt-linux-gnueabi/bin/]
  ignore line: [LIBRARY_PATH=/home/feng/xiaozhi/work/download/toolchain-sunxi-glibc-gcc-830/toolchain/bin/../lib/gcc/arm-openwrt-linux-gnueabi/8.3.0/:/home/feng/xiaozhi/work/download/toolchain-sunxi-glibc-gcc-830/toolchain/bin/../lib/gcc/:/home/feng/xiaozhi/work/download/toolchain-sunxi-glibc-gcc-830/toolchain/bin/../lib/gcc/arm-openwrt-linux-gnueabi/8.3.0/../../../../arm-openwrt-linux-gnueabi/lib/]
  ignore line: [COLLECT_GCC_OPTIONS='-v' '-o' 'cmTC_0ae07' '-shared-libgcc' '-mcpu=cortex-a7' '-mfloat-abi=hard' '-mfpu=neon' '-mtls-dialect=gnu' '-marm' '-march=armv7ve+neon']
  link line: [ /home/feng/xiaozhi/work/download/toolchain-sunxi-glibc-gcc-830/toolchain/bin/../libexec/gcc/arm-openwrt-linux-gnueabi/8.3.0/collect2 -plugin /home/feng/xiaozhi/work/download/toolchain-sunxi-glibc-gcc-830/toolchain/bin/../libexec/gcc/arm-openwrt-linux-gnueabi/8.3.0/liblto_plugin.so -plugin-opt=/home/feng/xiaozhi/work/download/toolchain-sunxi-glibc-gcc-830/toolchain/bin/../libexec/gcc/arm-openwrt-linux-gnueabi/8.3.0/lto-wrapper -plugin-opt=-fresolution=/tmp/ccNw4ErM.res -plugin-opt=-pass-through=-lgcc_s -plugin-opt=-pass-through=-lgcc -plugin-opt=-pass-through=-lc -plugin-opt=-pass-through=-lgcc_s -plugin-opt=-pass-through=-lgcc --eh-frame-hdr -dynamic-linker /lib/ld-linux-armhf.so.3 -X -m armelf_linux_eabi -o cmTC_0ae07 /home/feng/xiaozhi/work/download/toolchain-sunxi-glibc-gcc-830/toolchain/bin/../lib/gcc/arm-openwrt-linux-gnueabi/8.3.0/../../../../arm-openwrt-linux-gnueabi/lib/crt1.o /home/feng/xiaozhi/work/download/toolchain-sunxi-glibc-gcc-830/toolchain/bin/../lib/gcc/arm-openwrt-linux-gnueabi/8.3.0/../../../../arm-openwrt-linux-gnueabi/lib/crti.o /home/feng/xiaozhi/work/download/toolchain-sunxi-glibc-gcc-830/toolchain/bin/../lib/gcc/arm-openwrt-linux-gnueabi/8.3.0/crtbegin.o -L /home/feng/xiaozhi/work/download/toolchain-sunxi-glibc-gcc-830/toolchain/bin:/home/feng/xiaozhi/work/download/toolchain-sunxi-glibc-gcc-830/toolchain/bin:/usr/lib -rpath-link /home/feng/xiaozhi/work/download/toolchain-sunxi-glibc-gcc-830/toolchain/bin:/home/feng/xiaozhi/work/download/toolchain-sunxi-glibc-gcc-830/toolchain/bin:/usr/lib -L/home/feng/xiaozhi/work/download/toolchain-sunxi-glibc-gcc-830/toolchain/bin/../lib/gcc/arm-openwrt-linux-gnueabi/8.3.0 -L/home/feng/xiaozhi/work/download/toolchain-sunxi-glibc-gcc-830/toolchain/bin/../lib/gcc -L/home/feng/xiaozhi/work/download/toolchain-sunxi-glibc-gcc-830/toolchain/bin/../lib/gcc/arm-openwrt-linux-gnueabi/8.3.0/../../../../arm-openwrt-linux-gnueabi/lib CMakeFiles/cmTC_0ae07.dir/CMakeCXXCompilerABI.cpp.o -lstdc++ -lm -lgcc_s -lgcc -lc -lgcc_s -lgcc /home/feng/xiaozhi/work/download/toolchain-sunxi-glibc-gcc-830/toolchain/bin/../lib/gcc/arm-openwrt-linux-gnueabi/8.3.0/crtend.o /home/feng/xiaozhi/work/download/toolchain-sunxi-glibc-gcc-830/toolchain/bin/../lib/gcc/arm-openwrt-linux-gnueabi/8.3.0/../../../../arm-openwrt-linux-gnueabi/lib/crtn.o]
    arg [/home/feng/xiaozhi/work/download/toolchain-sunxi-glibc-gcc-830/toolchain/bin/../libexec/gcc/arm-openwrt-linux-gnueabi/8.3.0/collect2] ==> ignore
    arg [-plugin] ==> ignore
    arg [/home/feng/xiaozhi/work/download/toolchain-sunxi-glibc-gcc-830/toolchain/bin/../libexec/gcc/arm-openwrt-linux-gnueabi/8.3.0/liblto_plugin.so] ==> ignore
    arg [-plugin-opt=/home/feng/xiaozhi/work/download/toolchain-sunxi-glibc-gcc-830/toolchain/bin/../libexec/gcc/arm-openwrt-linux-gnueabi/8.3.0/lto-wrapper] ==> ignore
    arg [-plugin-opt=-fresolution=/tmp/ccNw4ErM.res] ==> ignore
    arg [-plugin-opt=-pass-through=-lgcc_s] ==> ignore
    arg [-plugin-opt=-pass-through=-lgcc] ==> ignore
    arg [-plugin-opt=-pass-through=-lc] ==> ignore
    arg [-plugin-opt=-pass-through=-lgcc_s] ==> ignore
    arg [-plugin-opt=-pass-through=-lgcc] ==> ignore
    arg [--eh-frame-hdr] ==> ignore
    arg [-dynamic-linker] ==> ignore
    arg [/lib/ld-linux-armhf.so.3] ==> ignore
    arg [-X] ==> ignore
    arg [-m] ==> ignore
    arg [armelf_linux_eabi] ==> ignore
    arg [-o] ==> ignore
    arg [cmTC_0ae07] ==> ignore
    arg [/home/feng/xiaozhi/work/download/toolchain-sunxi-glibc-gcc-830/toolchain/bin/../lib/gcc/arm-openwrt-linux-gnueabi/8.3.0/../../../../arm-openwrt-linux-gnueabi/lib/crt1.o] ==> ignore
    arg [/home/feng/xiaozhi/work/download/toolchain-sunxi-glibc-gcc-830/toolchain/bin/../lib/gcc/arm-openwrt-linux-gnueabi/8.3.0/../../../../arm-openwrt-linux-gnueabi/lib/crti.o] ==> ignore
    arg [/home/feng/xiaozhi/work/download/toolchain-sunxi-glibc-gcc-830/toolchain/bin/../lib/gcc/arm-openwrt-linux-gnueabi/8.3.0/crtbegin.o] ==> ignore
    arg [-L/home/feng/xiaozhi/work/download/toolchain-sunxi-glibc-gcc-830/toolchain/bin:/home/feng/xiaozhi/work/download/toolchain-sunxi-glibc-gcc-830/toolchain/bin:/usr/lib] ==> dir [/home/feng/xiaozhi/work/download/toolchain-sunxi-glibc-gcc-830/toolchain/bin:/home/feng/xiaozhi/work/download/toolchain-sunxi-glibc-gcc-830/toolchain/bin:/usr/lib]
    arg [-rpath-link] ==> ignore
    arg [/home/feng/xiaozhi/work/download/toolchain-sunxi-glibc-gcc-830/toolchain/bin:/home/feng/xiaozhi/work/download/toolchain-sunxi-glibc-gcc-830/toolchain/bin:/usr/lib] ==> ignore
    arg [-L/home/feng/xiaozhi/work/download/toolchain-sunxi-glibc-gcc-830/toolchain/bin/../lib/gcc/arm-openwrt-linux-gnueabi/8.3.0] ==> dir [/home/feng/xiaozhi/work/download/toolchain-sunxi-glibc-gcc-830/toolchain/bin/../lib/gcc/arm-openwrt-linux-gnueabi/8.3.0]
    arg [-L/home/feng/xiaozhi/work/download/toolchain-sunxi-glibc-gcc-830/toolchain/bin/../lib/gcc] ==> dir [/home/feng/xiaozhi/work/download/toolchain-sunxi-glibc-gcc-830/toolchain/bin/../lib/gcc]
    arg [-L/home/feng/xiaozhi/work/download/toolchain-sunxi-glibc-gcc-830/toolchain/bin/../lib/gcc/arm-openwrt-linux-gnueabi/8.3.0/../../../../arm-openwrt-linux-gnueabi/lib] ==> dir [/home/feng/xiaozhi/work/download/toolchain-sunxi-glibc-gcc-830/toolchain/bin/../lib/gcc/arm-openwrt-linux-gnueabi/8.3.0/../../../../arm-openwrt-linux-gnueabi/lib]
    arg [CMakeFiles/cmTC_0ae07.dir/CMakeCXXCompilerABI.cpp.o] ==> ignore
    arg [-lstdc++] ==> lib [stdc++]
    arg [-lm] ==> lib [m]
    arg [-lgcc_s] ==> lib [gcc_s]
    arg [-lgcc] ==> lib [gcc]
    arg [-lc] ==> lib [c]
    arg [-lgcc_s] ==> lib [gcc_s]
    arg [-lgcc] ==> lib [gcc]
    arg [/home/feng/xiaozhi/work/download/toolchain-sunxi-glibc-gcc-830/toolchain/bin/../lib/gcc/arm-openwrt-linux-gnueabi/8.3.0/crtend.o] ==> ignore
    arg [/home/feng/xiaozhi/work/download/toolchain-sunxi-glibc-gcc-830/toolchain/bin/../lib/gcc/arm-openwrt-linux-gnueabi/8.3.0/../../../../arm-openwrt-linux-gnueabi/lib/crtn.o] ==> ignore
  collapse library dir [/home/feng/xiaozhi/work/download/toolchain-sunxi-glibc-gcc-830/toolchain/bin:/home/feng/xiaozhi/work/download/toolchain-sunxi-glibc-gcc-830/toolchain/bin:/usr/lib] ==> [/home/feng/xiaozhi/work/download/toolchain-sunxi-glibc-gcc-830/toolchain/bin:/home/feng/xiaozhi/work/download/toolchain-sunxi-glibc-gcc-830/toolchain/bin:/usr/lib]
  collapse library dir [/home/feng/xiaozhi/work/download/toolchain-sunxi-glibc-gcc-830/toolchain/bin/../lib/gcc/arm-openwrt-linux-gnueabi/8.3.0] ==> [/home/feng/xiaozhi/work/download/toolchain-sunxi-glibc-gcc-830/toolchain/lib/gcc/arm-openwrt-linux-gnueabi/8.3.0]
  collapse library dir [/home/feng/xiaozhi/work/download/toolchain-sunxi-glibc-gcc-830/toolchain/bin/../lib/gcc] ==> [/home/feng/xiaozhi/work/download/toolchain-sunxi-glibc-gcc-830/toolchain/lib/gcc]
  collapse library dir [/home/feng/xiaozhi/work/download/toolchain-sunxi-glibc-gcc-830/toolchain/bin/../lib/gcc/arm-openwrt-linux-gnueabi/8.3.0/../../../../arm-openwrt-linux-gnueabi/lib] ==> [/home/feng/xiaozhi/work/download/toolchain-sunxi-glibc-gcc-830/toolchain/arm-openwrt-linux-gnueabi/lib]
  implicit libs: [stdc++;m;gcc_s;gcc;c;gcc_s;gcc]
  implicit dirs: [/home/feng/xiaozhi/work/download/toolchain-sunxi-glibc-gcc-830/toolchain/bin:/home/feng/xiaozhi/work/download/toolchain-sunxi-glibc-gcc-830/toolchain/bin:/usr/lib;/home/feng/xiaozhi/work/download/toolchain-sunxi-glibc-gcc-830/toolchain/lib/gcc/arm-openwrt-linux-gnueabi/8.3.0;/home/feng/xiaozhi/work/download/toolchain-sunxi-glibc-gcc-830/toolchain/lib/gcc;/home/feng/xiaozhi/work/download/toolchain-sunxi-glibc-gcc-830/toolchain/arm-openwrt-linux-gnueabi/lib]
  implicit fwks: []


